<?xml version="1.0" encoding="utf-8"?><testsuites name="pytest tests"><testsuite name="pytest" errors="0" failures="1" skipped="0" tests="550" time="352.593" timestamp="2026-07-13T08:54:53.751588+05:30" hostname="LAPTOP-IOTIH7C4"><testcase classname="tests.api.test_ai_recipe_catalog" name="test_catalog_recipe_on_meal_generation" time="1.090" /><testcase classname="tests.api.test_ai_recipe_catalog" name="test_catalog_dedup_increments_usage_count" time="0.813" /><testcase classname="tests.api.test_ai_recipe_catalog" name="test_search_filters_by_dietary_tags" time="0.764" /><testcase classname="tests.api.test_ai_recipe_catalog" name="test_search_sorts_favorites_first" time="0.798" /><testcase classname="tests.api.test_ai_recipe_catalog" name="test_search_sorts_by_usage_count" time="0.803" /><testcase classname="tests.api.test_ai_recipe_catalog" name="test_search_empty_query_returns_popular" time="0.774" /><testcase classname="tests.api.test_ai_recipe_catalog" name="test_catalog_stores_ingredients_and_nutrition" time="0.774" /><testcase classname="tests.api.test_ai_recipe_catalog" name="test_dietary_filter_vegetarian_excludes_nonveg" time="0.008" /><testcase classname="tests.api.test_ai_recipe_catalog" name="test_dietary_filter_vegetarian_allows_veg" time="0.007" /><testcase classname="tests.api.test_ai_recipe_catalog" name="test_dietary_filter_nonveg_sees_everything" time="0.007" /><testcase classname="tests.api.test_ai_recipe_catalog" name="test_dietary_filter_vegan_requires_vegan_tag" time="0.007" /><testcase classname="tests.api.test_ai_recipe_catalog" name="test_dietary_filter_jain_requires_jain_tag" time="0.007" /><testcase classname="tests.api.test_ai_recipe_catalog" name="test_normalize_recipe_name" time="0.008" /><testcase classname="tests.api.test_ai_recipe_catalog" name="test_search_ai_catalog_endpoint_empty" time="0.805" /><testcase classname="tests.api.test_ai_recipe_catalog" name="test_search_ai_catalog_endpoint_with_results" time="0.775" /><testcase classname="tests.api.test_ai_recipe_catalog" name="test_search_ai_catalog_endpoint_with_favorites" time="0.872" /><testcase classname="tests.api.test_auth" name="test_firebase_auth_mock" time="0.836" /><testcase classname="tests.api.test_auth" name="test_get_current_user_unauthorized" time="0.761" /><testcase classname="tests.api.test_auth" name="test_get_current_user_invalid_token" time="0.717" /><testcase classname="tests.api.test_auth" name="test_refresh_token_success" time="0.828" /><testcase classname="tests.api.test_auth" name="test_refresh_token_invalid_token" time="0.780" /><testcase classname="tests.api.test_auth" name="test_firebase_auth_returns_phone_number" time="0.828" /><testcase classname="tests.api.test_auth" name="test_refresh_token_with_access_token_fails" time="0.803" /><testcase classname="tests.api.test_auth_logout" name="test_logout_success" time="0.774" /><testcase classname="tests.api.test_auth_logout" name="test_logout_unauthenticated" time="0.753" /><testcase classname="tests.api.test_auth_logout" name="test_logout_response_structure" time="0.776" /><testcase classname="tests.api.test_auth_logout" name="test_logout_revokes_refresh_tokens" time="0.807" /><testcase classname="tests.api.test_auth_logout" name="test_logout_idempotent" time="0.811" /><testcase classname="tests.api.test_auth_logout" name="test_logout_no_existing_tokens" time="0.747" /><testcase classname="tests.api.test_chat_api.TestChatMessageEndpoint" name="test_send_message_success" time="0.744" /><testcase classname="tests.api.test_chat_api.TestChatMessageEndpoint" name="test_send_message_empty_fails" time="0.999" /><testcase classname="tests.api.test_chat_api.TestChatMessageEndpoint" name="test_send_message_no_auth" time="0.792" /><testcase classname="tests.api.test_chat_api.TestChatMessageEndpoint" name="test_send_message_tool_response" time="0.772" /><testcase classname="tests.api.test_chat_api.TestChatHistoryEndpoint" name="test_get_history_success" time="0.764" /><testcase classname="tests.api.test_chat_api.TestChatHistoryEndpoint" name="test_get_history_no_auth" time="0.744" /><testcase classname="tests.api.test_chat_api.TestChatHistoryEndpoint" name="test_get_history_empty" time="0.741" /><testcase classname="tests.api.test_chat_api.TestChatSchemas" name="test_chat_message_request_validation" time="0.007" /><testcase classname="tests.api.test_chat_api.TestChatSchemas" name="test_chat_message_response_structure" time="0.007" /><testcase classname="tests.api.test_chat_api.TestChatSchemas" name="test_chat_response_structure" time="0.007" /><testcase classname="tests.api.test_chat_api.TestChatSchemas" name="test_chat_history_response_structure" time="0.007" /><testcase classname="tests.api.test_chat_api.TestChatEndpointDocumentation" name="test_openapi_has_chat_endpoints" time="0.991" /><testcase classname="tests.api.test_chat_pagination.TestChatHistoryReturnsMessages" name="test_chat_history_returns_messages" time="0.741" /><testcase classname="tests.api.test_chat_pagination.TestChatHistoryReturnsMessages" name="test_chat_history_empty" time="0.750" /><testcase classname="tests.api.test_chat_pagination.TestChatHistoryFiltering" name="test_chat_history_excludes_tool_messages" time="0.718" /><testcase classname="tests.api.test_chat_pagination.TestChatHistoryFiltering" name="test_chat_history_unauthenticated" time="0.737" /><testcase classname="tests.api.test_chat_pagination.TestChatRepositoryHistory" name="test_default_limit_caps_at_50" time="1.345" /><testcase classname="tests.api.test_chat_pagination.TestChatRepositoryHistory" name="test_custom_limit" time="0.966" /><testcase classname="tests.api.test_chat_pagination.TestChatRepositoryHistory" name="test_history_ordered_chronologically" time="0.798" /><testcase classname="tests.api.test_chat_pagination.TestChatRepositoryHistory" name="test_history_returns_most_recent_when_limited" time="0.969" /><testcase classname="tests.api.test_chat_pagination.TestChatRepositoryHistory" name="test_history_empty_for_no_messages" time="0.740" /><testcase classname="tests.api.test_chat_pagination.TestChatContextWindow" name="test_context_window_last_6" time="0.870" /><testcase classname="tests.api.test_chat_pagination.TestChatContextWindow" name="test_context_window_fewer_than_limit" time="0.829" /><testcase classname="tests.api.test_chat_pagination.TestChatContextWindow" name="test_context_window_includes_role_and_content" time="0.828" /><testcase classname="tests.api.test_chat_pagination.TestChatContextWindow" name="test_context_window_formats_tool_calls" time="0.819" /><testcase classname="tests.api.test_chat_pagination.TestToolMessageFilteringAtServiceLevel" name="test_tool_messages_excluded_from_history" time="0.789" /><testcase classname="tests.api.test_chat_pagination.TestToolMessageFilteringAtServiceLevel" name="test_history_messages_have_required_fields" time="0.799" /><testcase classname="tests.api.test_chat_pagination.TestChatHistoryUserIsolation" name="test_history_scoped_to_user" time="0.882" /><testcase classname="tests.api.test_cooking_activity" name="test_record_cooking_activity_returns_200" time="0.829" /><testcase classname="tests.api.test_cooking_activity" name="test_record_cooking_activity_increments_on_second_call" time="0.842" /><testcase classname="tests.api.test_cooking_activity" name="test_record_cooking_activity_unauthorized" time="0.768" /><testcase classname="tests.api.test_error_cases" name="test_get_recipe_nonexistent_returns_404" time="0.761" /><testcase classname="tests.api.test_error_cases" name="test_chat_message_empty_content_422" time="0.798" /><testcase classname="tests.api.test_error_cases" name="test_chat_message_missing_content_422" time="0.770" /><testcase classname="tests.api.test_error_cases" name="test_chat_unauthenticated_401" time="0.762" /><testcase classname="tests.api.test_error_cases" name="test_chat_history_unauthenticated_401" time="0.752" /><testcase classname="tests.api.test_error_cases" name="test_scope_parameter_invalid_value_treated_as_personal" time="0.776" /><testcase classname="tests.api.test_error_cases" name="test_scope_parameter_missing_defaults_to_personal" time="0.746" /><testcase classname="tests.api.test_error_cases" name="test_delete_notification_not_found_404" time="0.739" /><testcase classname="tests.api.test_error_cases" name="test_delete_notification_unauthenticated_401" time="0.709" /><testcase classname="tests.api.test_error_cases" name="test_update_preferences_invalid_household_size_422" time="0.720" /><testcase classname="tests.api.test_error_cases" name="test_update_preferences_household_size_too_large_422" time="0.716" /><testcase classname="tests.api.test_error_cases" name="test_update_preferences_items_per_meal_out_of_range_422" time="0.745" /><testcase classname="tests.api.test_error_cases" name="test_get_current_meal_plan_not_found" time="0.760" /><testcase classname="tests.api.test_error_cases" name="test_get_meal_plan_by_id_not_found" time="0.740" /><testcase classname="tests.api.test_error_cases" name="test_meal_plans_unauthenticated_401" time="0.665" /><testcase classname="tests.api.test_family_members_api" name="test_update_preferences_with_primary_diet" time="0.677" /><testcase classname="tests.api.test_family_members_api" name="test_update_preferences_with_busy_days" time="0.697" /><testcase classname="tests.api.test_family_members_api" name="test_get_family_members_empty" time="0.568" /><testcase classname="tests.api.test_family_members_api" name="test_create_family_member" time="0.547" /><testcase classname="tests.api.test_family_members_api" name="test_get_family_members_list" time="0.643" /><testcase classname="tests.api.test_family_members_api" name="test_update_family_member" time="0.798" /><testcase classname="tests.api.test_family_members_api" name="test_delete_family_member" time="0.612" /><testcase classname="tests.api.test_family_members_api" name="test_family_member_with_health_conditions" time="0.625" /><testcase classname="tests.api.test_favorites_api" name="test_add_favorite_201" time="0.917" /><testcase classname="tests.api.test_favorites_api" name="test_remove_favorite_204" time="0.798" /><testcase classname="tests.api.test_favorites_api" name="test_get_favorites_list" time="0.758" /><testcase classname="tests.api.test_favorites_api" name="test_duplicate_favorite_409" time="0.719" /><testcase classname="tests.api.test_favorites_api" name="test_favorites_scoped_to_user" time="0.700" /><testcase classname="tests.api.test_favorites_api" name="test_get_favorites_unauthorized_401" time="0.572" /><testcase classname="tests.api.test_favorites_api" name="test_remove_nonexistent_404" time="0.521" /><testcase classname="tests.api.test_festival_meal_generation.TestCreateFestival" name="test_create_festival_success" time="0.421" /><testcase classname="tests.api.test_festival_meal_generation.TestCreateFestival" name="test_create_festival_unauthenticated" time="0.387" /><testcase classname="tests.api.test_festival_meal_generation.TestCreateFestival" name="test_create_festival_fasting_day" time="0.533" /><testcase classname="tests.api.test_festival_meal_generation.TestCreateFestival" name="test_create_festival_appears_in_upcoming" time="0.602" /><testcase classname="tests.api.test_festival_meal_generation.TestCreateFestival" name="test_create_festival_forbidden_non_debug" time="0.580" /><testcase classname="tests.api.test_festival_meal_generation.TestFestivalServiceIntegration" name="test_festival_included_in_date_range_query" time="0.526" /><testcase classname="tests.api.test_festival_meal_generation.TestFestivalServiceIntegration" name="test_fasting_festival_has_avoided_foods" time="0.495" /><testcase classname="tests.api.test_festival_meal_generation.TestFestivalServiceIntegration" name="test_festival_by_date_returns_correct" time="0.484" /><testcase classname="tests.api.test_festival_meal_generation.TestFestivalServiceIntegration" name="test_no_festival_for_empty_date" time="0.456" /><testcase classname="tests.api.test_festival_meal_generation.TestFestivalServiceIntegration" name="test_inactive_festival_excluded" time="0.333" /><testcase classname="tests.api.test_festival_meal_generation.TestFestivalResponseStructure" name="test_festival_response_has_all_fields" time="0.194" /><testcase classname="tests.api.test_festival_meal_generation.TestFestivalResponseStructure" name="test_upcoming_festivals_sorted_by_date" time="0.181" /><testcase classname="tests.api.test_festivals_api" name="test_upcoming_festivals_default_30_days" time="0.154" /><testcase classname="tests.api.test_festivals_api" name="test_upcoming_festivals_custom_days" time="0.205" /><testcase classname="tests.api.test_festivals_api" name="test_upcoming_festivals_sorted_by_date" time="0.168" /><testcase classname="tests.api.test_festivals_api" name="test_upcoming_festivals_days_away" time="0.216" /><testcase classname="tests.api.test_festivals_api" name="test_upcoming_festivals_excludes_inactive" time="0.156" /><testcase classname="tests.api.test_festivals_api" name="test_upcoming_festivals_empty" time="0.148" /><testcase classname="tests.api.test_festivals_api" name="test_upcoming_festivals_no_auth_required" time="0.157" /><testcase classname="tests.api.test_festivals_api" name="test_upcoming_festivals_max_days" time="0.187" /><testcase classname="tests.api.test_festivals_api" name="test_upcoming_festivals_special_foods" time="0.185" /><testcase classname="tests.api.test_grocery_api" name="test_grocery_list_with_meal_plan_id" time="0.165" /><testcase classname="tests.api.test_grocery_api" name="test_grocery_list_aggregation" time="0.186" /><testcase classname="tests.api.test_grocery_api" name="test_grocery_list_category_grouping" time="0.249" /><testcase classname="tests.api.test_grocery_api" name="test_grocery_list_no_plan" time="0.187" /><testcase classname="tests.api.test_grocery_api" name="test_grocery_list_unauthorized" time="0.187" /><testcase classname="tests.api.test_grocery_api" name="test_grocery_whatsapp_format" time="0.169" /><testcase classname="tests.api.test_grocery_api" name="test_grocery_whatsapp_structure" time="0.199" /><testcase classname="tests.api.test_grocery_api" name="test_grocery_whatsapp_no_plan" time="0.205" /><testcase classname="tests.api.test_grocery_api" name="test_grocery_whatsapp_unauthorized" time="0.366" /><testcase classname="tests.api.test_health" name="test_health_check" time="21.569"><failure message="assert 503 == 200&#10; +  where 503 = &lt;Response [503 Service Unavailable]&gt;.status_code">client = &lt;httpx.AsyncClient object at 0x0000022C681C0D10&gt;

    @pytest.mark.asyncio
    async def test_health_check(client: AsyncClient):
        """Test health check endpoint."""
        response = await client.get("/health")
&gt;       assert response.status_code == 200
E       assert 503 == 200
E        +  where 503 = &lt;Response [503 Service Unavailable]&gt;.status_code

tests\api\test_health.py:11: AssertionError</failure></testcase><testcase classname="tests.api.test_health" name="test_root_endpoint" time="0.807" /><testcase classname="tests.api.test_household_crud" name="test_create_household" time="0.758" /><testcase classname="tests.api.test_household_crud" name="test_create_household_unauthenticated" time="0.755" /><testcase classname="tests.api.test_household_crud" name="test_get_household" time="0.948" /><testcase classname="tests.api.test_household_crud" name="test_get_household_not_member" time="0.949" /><testcase classname="tests.api.test_household_crud" name="test_get_household_not_found" time="0.819" /><testcase classname="tests.api.test_household_crud" name="test_update_household_name" time="0.975" /><testcase classname="tests.api.test_household_crud" name="test_update_household_max_members" time="1.180" /><testcase classname="tests.api.test_household_crud" name="test_update_household_not_owner" time="0.793" /><testcase classname="tests.api.test_household_crud" name="test_deactivate_household" time="0.798" /><testcase classname="tests.api.test_household_crud" name="test_deactivate_household_with_members" time="0.809" /><testcase classname="tests.api.test_household_crud" name="test_list_members" time="0.724" /><testcase classname="tests.api.test_household_crud" name="test_list_members_not_member" time="0.795" /><testcase classname="tests.api.test_household_crud" name="test_add_member_existing_user" time="0.782" /><testcase classname="tests.api.test_household_crud" name="test_add_member_unknown_phone" time="0.784" /><testcase classname="tests.api.test_household_crud" name="test_add_member_duplicate" time="0.829" /><testcase classname="tests.api.test_household_crud" name="test_add_member_at_capacity" time="0.717" /><testcase classname="tests.api.test_household_crud" name="test_add_member_not_owner" time="0.542" /><testcase classname="tests.api.test_household_layer4" name="test_get_current_meal_plan_none" time="0.380" /><testcase classname="tests.api.test_household_layer4" name="test_get_current_meal_plan_with_items" time="0.414" /><testcase classname="tests.api.test_household_layer4" name="test_get_current_meal_plan_not_member" time="0.360" /><testcase classname="tests.api.test_household_layer4" name="test_get_constraints_empty_household" time="0.558" /><testcase classname="tests.api.test_household_layer4" name="test_get_constraints_with_prefs" time="0.494" /><testcase classname="tests.api.test_household_layer4" name="test_get_constraints_not_owner" time="0.387" /><testcase classname="tests.api.test_household_layer4" name="test_update_meal_item_status" time="0.546" /><testcase classname="tests.api.test_household_layer4" name="test_update_meal_item_status_with_edit_access" time="0.678" /><testcase classname="tests.api.test_household_layer4" name="test_update_meal_item_status_no_edit_access" time="0.564" /><testcase classname="tests.api.test_household_layer4" name="test_update_meal_item_status_not_found" time="0.454" /><testcase classname="tests.api.test_household_layer4" name="test_list_notifications_empty" time="0.398" /><testcase classname="tests.api.test_household_layer4" name="test_list_notifications_with_data" time="0.397" /><testcase classname="tests.api.test_household_layer4" name="test_mark_notification_read" time="0.396" /><testcase classname="tests.api.test_household_layer4" name="test_mark_notification_not_found" time="0.254" /><testcase classname="tests.api.test_household_layer4" name="test_notifications_not_member" time="0.208" /><testcase classname="tests.api.test_household_membership" name="test_refresh_invite_code" time="0.178" /><testcase classname="tests.api.test_household_membership" name="test_refresh_invite_code_not_owner" time="0.175" /><testcase classname="tests.api.test_household_membership" name="test_join_via_invite_code" time="0.254" /><testcase classname="tests.api.test_household_membership" name="test_join_invalid_code" time="0.192" /><testcase classname="tests.api.test_household_membership" name="test_join_expired_code" time="0.163" /><testcase classname="tests.api.test_household_membership" name="test_join_already_member" time="0.155" /><testcase classname="tests.api.test_household_membership" name="test_join_at_capacity" time="0.179" /><testcase classname="tests.api.test_household_membership" name="test_leave_household" time="0.190" /><testcase classname="tests.api.test_household_membership" name="test_leave_household_owner_blocked" time="0.247" /><testcase classname="tests.api.test_household_membership" name="test_transfer_ownership" time="0.269" /><testcase classname="tests.api.test_household_membership" name="test_transfer_to_metadata_only_member" time="0.205" /><testcase classname="tests.api.test_household_membership" name="test_transfer_not_owner" time="0.188" /><testcase classname="tests.api.test_household_membership" name="test_update_member_portion_size" time="0.231" /><testcase classname="tests.api.test_household_membership" name="test_update_member_change_owner_role_blocked" time="0.290" /><testcase classname="tests.api.test_household_membership" name="test_update_member_not_owner" time="0.260" /><testcase classname="tests.api.test_household_membership" name="test_update_member_can_edit_shared_plan" time="0.379" /><testcase classname="tests.api.test_household_membership" name="test_remove_member" time="0.410" /><testcase classname="tests.api.test_household_membership" name="test_remove_self_blocked" time="0.342" /><testcase classname="tests.api.test_household_membership" name="test_remove_member_not_owner" time="0.333" /><testcase classname="tests.api.test_household_membership" name="test_remove_member_not_found" time="0.384" /><testcase classname="tests.api.test_household_notification_isolation" name="test_user_sees_only_own_household_notifications" time="0.418" /><testcase classname="tests.api.test_household_notification_isolation" name="test_user_cannot_read_other_household_notification" time="0.466" /><testcase classname="tests.api.test_household_notification_isolation" name="test_user_cannot_delete_other_household_notification" time="0.682" /><testcase classname="tests.api.test_household_notification_isolation" name="test_notification_disappears_when_leaving_household" time="0.788" /><testcase classname="tests.api.test_household_notification_isolation" name="test_household_member_sees_household_notifications" time="0.751" /><testcase classname="tests.api.test_household_scoped" name="test_create_household_recipe_rule" time="0.700" /><testcase classname="tests.api.test_household_scoped" name="test_list_household_recipe_rules" time="0.737" /><testcase classname="tests.api.test_household_scoped" name="test_delete_household_recipe_rule" time="0.778" /><testcase classname="tests.api.test_household_scoped" name="test_delete_household_rule_not_found" time="0.796" /><testcase classname="tests.api.test_household_scoped" name="test_create_rule_not_owner" time="0.771" /><testcase classname="tests.api.test_household_scoped" name="test_list_rules_not_member" time="0.667" /><testcase classname="tests.api.test_household_scoped" name="test_delete_rule_not_owner" time="0.652" /><testcase classname="tests.api.test_household_scoped" name="test_create_include_rule_with_details" time="0.672" /><testcase classname="tests.api.test_household_scoped" name="test_monthly_stats_empty" time="0.660" /><testcase classname="tests.api.test_household_scoped" name="test_monthly_stats_not_member" time="0.563" /><testcase classname="tests.api.test_household_scoped" name="test_monthly_stats_with_meal_data" time="0.562" /><testcase classname="tests.api.test_household_validation" name="test_create_household_empty_name" time="0.512" /><testcase classname="tests.api.test_household_validation" name="test_create_household_name_too_long" time="0.472" /><testcase classname="tests.api.test_household_validation" name="test_create_household_missing_name" time="0.617" /><testcase classname="tests.api.test_household_validation" name="test_update_max_members_too_low" time="0.497" /><testcase classname="tests.api.test_household_validation" name="test_update_max_members_too_high" time="0.474" /><testcase classname="tests.api.test_household_validation" name="test_update_empty_name" time="0.613" /><testcase classname="tests.api.test_household_validation" name="test_join_code_too_short" time="0.580" /><testcase classname="tests.api.test_household_validation" name="test_join_code_too_long" time="0.542" /><testcase classname="tests.api.test_household_validation" name="test_join_missing_code" time="0.386" /><testcase classname="tests.api.test_household_validation" name="test_add_member_phone_too_short" time="0.597" /><testcase classname="tests.api.test_household_validation" name="test_add_member_missing_phone" time="0.695" /><testcase classname="tests.api.test_household_validation" name="test_update_member_invalid_portion_size" time="0.525" /><testcase classname="tests.api.test_household_validation" name="test_update_member_invalid_role" time="0.477" /><testcase classname="tests.api.test_household_validation" name="test_create_rule_invalid_target_type" time="0.602" /><testcase classname="tests.api.test_household_validation" name="test_create_rule_invalid_action" time="0.616" /><testcase classname="tests.api.test_household_validation" name="test_create_rule_frequency_count_too_low" time="0.606" /><testcase classname="tests.api.test_household_validation" name="test_create_rule_frequency_count_too_high" time="0.530" /><testcase classname="tests.api.test_household_validation" name="test_create_rule_empty_target_name" time="0.587" /><testcase classname="tests.api.test_household_validation" name="test_create_rule_invalid_meal_slot" time="0.730" /><testcase classname="tests.api.test_household_validation" name="test_stats_invalid_month" time="0.679" /><testcase classname="tests.api.test_household_validation" name="test_stats_invalid_year" time="0.552" /><testcase classname="tests.api.test_household_validation" name="test_stats_missing_params" time="0.490" /><testcase classname="tests.api.test_household_validation" name="test_list_members_includes_left_members" time="0.474" /><testcase classname="tests.api.test_household_validation" name="test_update_meal_item_invalid_status" time="0.323" /><testcase classname="tests.api.test_meal_plans_api" name="test_generate_meal_plan_success" time="0.362" /><testcase classname="tests.api.test_meal_plans_api" name="test_generate_deactivates_old_plans" time="0.142" /><testcase classname="tests.api.test_meal_plans_api" name="test_generate_invalid_date_fallback" time="0.143" /><testcase classname="tests.api.test_meal_plans_api" name="test_generate_timeout_returns_504" time="0.159" /><testcase classname="tests.api.test_meal_plans_api" name="test_generate_succeeds_when_recipe_creation_fails" time="0.206" /><testcase classname="tests.api.test_meal_plans_api" name="test_generate_unauthorized" time="0.176" /><testcase classname="tests.api.test_meal_plans_api" name="test_get_current_plan" time="0.344" /><testcase classname="tests.api.test_meal_plans_api" name="test_get_current_plan_not_found" time="0.473" /><testcase classname="tests.api.test_meal_plans_api" name="test_get_current_unauthorized" time="0.412" /><testcase classname="tests.api.test_meal_plans_api" name="test_get_plan_by_id" time="0.424" /><testcase classname="tests.api.test_meal_plans_api" name="test_get_plan_by_id_not_found" time="0.612" /><testcase classname="tests.api.test_meal_plans_api" name="test_get_plan_by_id_wrong_user" time="0.729" /><testcase classname="tests.api.test_meal_plans_api" name="test_get_plan_unauthorized" time="0.682" /><testcase classname="tests.api.test_meal_plans_api" name="test_swap_item_with_specific_recipe" time="0.673" /><testcase classname="tests.api.test_meal_plans_api" name="test_swap_item_random_recipe" time="0.653" /><testcase classname="tests.api.test_meal_plans_api" name="test_swap_item_locked_fails" time="0.637" /><testcase classname="tests.api.test_meal_plans_api" name="test_swap_item_not_found" time="0.650" /><testcase classname="tests.api.test_meal_plans_api" name="test_swap_item_wrong_user" time="0.700" /><testcase classname="tests.api.test_meal_plans_api" name="test_swap_unauthorized" time="0.654" /><testcase classname="tests.api.test_meal_plans_api" name="test_lock_item" time="0.529" /><testcase classname="tests.api.test_meal_plans_api" name="test_unlock_item" time="0.538" /><testcase classname="tests.api.test_meal_plans_api" name="test_lock_item_not_found" time="0.463" /><testcase classname="tests.api.test_meal_plans_api" name="test_lock_unauthorized" time="0.491" /><testcase classname="tests.api.test_meal_plans_api" name="test_remove_item" time="0.412" /><testcase classname="tests.api.test_meal_plans_api" name="test_remove_locked_item_fails" time="0.345" /><testcase classname="tests.api.test_meal_plans_api" name="test_remove_item_not_found" time="0.358" /><testcase classname="tests.api.test_meal_plans_api" name="test_remove_unauthorized" time="0.425" /><testcase classname="tests.api.test_notification_api" name="test_get_notifications_unauthorized" time="0.574" /><testcase classname="tests.api.test_notification_api" name="test_get_notifications_empty" time="0.699" /><testcase classname="tests.api.test_notification_api" name="test_get_notifications_with_data" time="0.735" /><testcase classname="tests.api.test_notification_api" name="test_mark_notification_as_read_unauthorized" time="0.653" /><testcase classname="tests.api.test_notification_api" name="test_mark_notification_as_read_not_found" time="0.749" /><testcase classname="tests.api.test_notification_api" name="test_mark_all_notifications_as_read" time="0.739" /><testcase classname="tests.api.test_notification_api" name="test_delete_notification_unauthorized" time="0.664" /><testcase classname="tests.api.test_notification_api" name="test_delete_notification_not_found" time="0.642" /><testcase classname="tests.api.test_notification_api" name="test_register_fcm_token" time="0.617" /><testcase classname="tests.api.test_notification_api" name="test_register_fcm_token_unauthorized" time="0.598" /><testcase classname="tests.api.test_notification_api" name="test_unregister_fcm_token" time="0.712" /><testcase classname="tests.api.test_notification_api" name="test_unregister_fcm_token_unauthenticated" time="0.624" /><testcase classname="tests.api.test_notification_api" name="test_register_fcm_token_idempotent" time="0.577" /><testcase classname="tests.api.test_notification_api" name="test_unregister_nonexistent_fcm_token" time="0.507" /><testcase classname="tests.api.test_nutrition_goals_api" name="test_get_nutrition_goals_unauthorized" time="0.583" /><testcase classname="tests.api.test_nutrition_goals_api" name="test_create_nutrition_goal_unauthorized" time="0.536" /><testcase classname="tests.api.test_nutrition_goals_api" name="test_get_nutrition_goals_empty" time="0.672" /><testcase classname="tests.api.test_nutrition_goals_api" name="test_create_nutrition_goal_green_leafy" time="0.414" /><testcase classname="tests.api.test_nutrition_goals_api" name="test_create_nutrition_goal_high_protein" time="0.535" /><testcase classname="tests.api.test_nutrition_goals_api" name="test_create_nutrition_goal_all_eight_categories" time="0.704" /><testcase classname="tests.api.test_nutrition_goals_api" name="test_get_single_nutrition_goal" time="0.653" /><testcase classname="tests.api.test_nutrition_goals_api" name="test_get_nonexistent_nutrition_goal_404" time="0.681" /><testcase classname="tests.api.test_nutrition_goals_api" name="test_update_nutrition_goal_weekly_target" time="0.736" /><testcase classname="tests.api.test_nutrition_goals_api" name="test_update_nutrition_goal_toggle_enforcement" time="0.733" /><testcase classname="tests.api.test_nutrition_goals_api" name="test_update_nutrition_goal_toggle_active" time="0.657" /><testcase classname="tests.api.test_nutrition_goals_api" name="test_update_nutrition_goal_progress" time="0.648" /><testcase classname="tests.api.test_nutrition_goals_api" name="test_update_nutrition_goal_progress_reset" time="0.375" /><testcase classname="tests.api.test_nutrition_goals_api" name="test_delete_nutrition_goal" time="0.225" /><testcase classname="tests.api.test_nutrition_goals_api" name="test_delete_nonexistent_nutrition_goal_404" time="0.151" /><testcase classname="tests.api.test_nutrition_goals_api" name="test_create_duplicate_category_returns_409" time="0.161" /><testcase classname="tests.api.test_nutrition_goals_api" name="test_weekly_target_boundary_min_1" time="0.180" /><testcase classname="tests.api.test_nutrition_goals_api" name="test_weekly_target_boundary_max_14" time="0.159" /><testcase classname="tests.api.test_nutrition_goals_api" name="test_weekly_target_exceeds_max_rejected" time="0.190" /><testcase classname="tests.api.test_photos_api" name="test_analyze_photo_success" time="0.181" /><testcase classname="tests.api.test_photos_api" name="test_analyze_photo_png_success" time="0.279" /><testcase classname="tests.api.test_photos_api" name="test_analyze_photo_response_structure" time="0.287" /><testcase classname="tests.api.test_photos_api" name="test_analyze_photo_unauthenticated" time="0.394" /><testcase classname="tests.api.test_photos_api" name="test_analyze_photo_invalid_file_type" time="0.387" /><testcase classname="tests.api.test_photos_api" name="test_analyze_photo_empty_file" time="0.354" /><testcase classname="tests.api.test_photos_api" name="test_analyze_photo_oversized" time="0.584" /><testcase classname="tests.api.test_photos_api" name="test_analyze_photo_invalid_magic_bytes" time="0.609" /><testcase classname="tests.api.test_photos_api" name="test_analyze_photo_gemini_error" time="0.613" /><testcase classname="tests.api.test_photos_api" name="test_analyze_photo_gemini_timeout" time="0.616" /><testcase classname="tests.api.test_photos_api" name="test_analyze_photo_gemini_not_configured" time="0.554" /><testcase classname="tests.api.test_photos_api" name="test_analyze_photo_gemini_parse_error" time="0.602" /><testcase classname="tests.api.test_photos_api" name="test_analyze_photo_identifies_indian_food" time="0.589" /><testcase classname="tests.api.test_photos_api" name="test_analyze_photo_returns_ingredients_list" time="0.588" /><testcase classname="tests.api.test_photos_api" name="test_analyze_photo_returns_cuisine_type" time="0.553" /><testcase classname="tests.api.test_photos_api" name="test_analyze_photo_returns_meal_type" time="0.546" /><testcase classname="tests.api.test_photos_api" name="test_analyze_photo_multiple_foods" time="0.517" /><testcase classname="tests.api.test_photos_api" name="test_analyze_photo_no_food_detected" time="0.446" /><testcase classname="tests.api.test_photos_api" name="test_analyze_photo_passes_correct_mime_type" time="0.454" /><testcase classname="tests.api.test_photos_api" name="test_analyze_photo_passes_image_data_to_service" time="0.578" /><testcase classname="tests.api.test_rate_limits.TestAuthRateLimits" name="test_firebase_auth_has_rate_limit" time="0.008" /><testcase classname="tests.api.test_rate_limits.TestAuthRateLimits" name="test_refresh_token_has_rate_limit" time="0.006" /><testcase classname="tests.api.test_rate_limits.TestChatRateLimits" name="test_send_message_has_rate_limit" time="0.007" /><testcase classname="tests.api.test_rate_limits.TestChatRateLimits" name="test_send_image_has_rate_limit" time="0.007" /><testcase classname="tests.api.test_rate_limits.TestPhotoRateLimits" name="test_analyze_photo_has_rate_limit" time="0.007" /><testcase classname="tests.api.test_rate_limits.TestMealPlanRateLimits" name="test_generate_has_rate_limit" time="0.009" /><testcase classname="tests.api.test_rate_limits.TestHouseholdRateLimits" name="test_join_household_has_rate_limit" time="0.007" /><testcase classname="tests.api.test_rate_limits.TestHouseholdRateLimits" name="test_add_member_has_rate_limit" time="0.007" /><testcase classname="tests.api.test_rate_limits" name="test_rate_limit_exception_handler_registered" time="0.551" /><testcase classname="tests.api.test_recipe_creation_service" name="test_create_recipe_new" time="0.569" /><testcase classname="tests.api.test_recipe_creation_service" name="test_create_recipe_finds_existing" time="0.527" /><testcase classname="tests.api.test_recipe_creation_service" name="test_create_recipe_with_instructions" time="0.544" /><testcase classname="tests.api.test_recipe_creation_service" name="test_create_recipe_without_instructions" time="0.545" /><testcase classname="tests.api.test_recipe_creation_service" name="test_create_recipes_for_meal_plan" time="0.414" /><testcase classname="tests.api.test_recipe_creation_service" name="test_deduplication_same_name" time="0.589" /><testcase classname="tests.api.test_recipe_creation_service" name="test_recipe_fully_populated" time="0.622" /><testcase classname="tests.api.test_recipe_rating" name="test_rate_recipe_success" time="0.606" /><testcase classname="tests.api.test_recipe_rating" name="test_rate_recipe_with_feedback" time="0.591" /><testcase classname="tests.api.test_recipe_rating" name="test_rate_recipe_update_existing" time="0.591" /><testcase classname="tests.api.test_recipe_rating" name="test_rate_recipe_minimum_rating" time="0.493" /><testcase classname="tests.api.test_recipe_rating" name="test_rate_recipe_maximum_rating" time="0.542" /><testcase classname="tests.api.test_recipe_rating" name="test_rate_recipe_invalid_rating_too_low" time="0.497" /><testcase classname="tests.api.test_recipe_rating" name="test_rate_recipe_invalid_rating_too_high" time="0.615" /><testcase classname="tests.api.test_recipe_rating" name="test_rate_recipe_missing_rating" time="0.544" /><testcase classname="tests.api.test_recipe_rating" name="test_rate_recipe_not_found" time="0.542" /><testcase classname="tests.api.test_recipe_rating" name="test_rate_recipe_invalid_id" time="0.459" /><testcase classname="tests.api.test_recipe_rating" name="test_rate_recipe_unauthenticated" time="0.363" /><testcase classname="tests.api.test_recipe_rules_api" name="test_get_recipe_rules_unauthorized" time="0.321" /><testcase classname="tests.api.test_recipe_rules_api" name="test_get_recipe_rules_empty" time="0.222" /><testcase classname="tests.api.test_recipe_rules_api" name="test_create_recipe_rule" time="0.193" /><testcase classname="tests.api.test_recipe_rules_api" name="test_create_rule_returns_force_override_field" time="0.340" /><testcase classname="tests.api.test_recipe_rules_api" name="test_create_rule_409_conflict_structure" time="0.411" /><testcase classname="tests.api.test_recipe_rules_api" name="test_create_recipe_rule_exclude" time="0.406" /><testcase classname="tests.api.test_recipe_rules_api" name="test_create_rule_times_per_week" time="0.371" /><testcase classname="tests.api.test_recipe_rules_api" name="test_create_rule_specific_days" time="0.437" /><testcase classname="tests.api.test_recipe_rules_api" name="test_get_recipe_rules_list" time="0.451" /><testcase classname="tests.api.test_recipe_rules_api" name="test_get_single_rule" time="0.330" /><testcase classname="tests.api.test_recipe_rules_api" name="test_get_nonexistent_rule" time="0.272" /><testcase classname="tests.api.test_recipe_rules_api" name="test_update_recipe_rule" time="0.167" /><testcase classname="tests.api.test_recipe_rules_api" name="test_delete_recipe_rule" time="0.144" /><testcase classname="tests.api.test_recipe_rules_api" name="test_get_nutrition_goals_unauthorized" time="0.248" /><testcase classname="tests.api.test_recipe_rules_api" name="test_get_nutrition_goals_empty" time="0.346" /><testcase classname="tests.api.test_recipe_rules_api" name="test_create_nutrition_goal" time="0.329" /><testcase classname="tests.api.test_recipe_rules_api" name="test_create_duplicate_category_fails" time="0.488" /><testcase classname="tests.api.test_recipe_rules_api" name="test_update_nutrition_goal" time="0.399" /><testcase classname="tests.api.test_recipe_rules_api" name="test_delete_nutrition_goal" time="0.375" /><testcase classname="tests.api.test_recipe_rules_api" name="test_sync_empty" time="0.310" /><testcase classname="tests.api.test_recipe_rules_api" name="test_sync_new_rule" time="0.345" /><testcase classname="tests.api.test_recipe_rules_api" name="test_sync_conflict_server_wins" time="0.198" /><testcase classname="tests.api.test_recipe_rules_dedup" name="test_create_duplicate_rule_returns_409" time="0.213" /><testcase classname="tests.api.test_recipe_rules_dedup" name="test_create_duplicate_case_insensitive" time="0.283" /><testcase classname="tests.api.test_recipe_rules_dedup" name="test_case_normalization_stores_uppercase" time="0.413" /><testcase classname="tests.api.test_recipe_rules_dedup" name="test_different_meal_slot_not_duplicate" time="0.392" /><testcase classname="tests.api.test_recipe_rules_dedup" name="test_different_action_not_duplicate" time="0.399" /><testcase classname="tests.api.test_recipe_rules_lifecycle" name="test_update_rule_change_frequency_type" time="0.443" /><testcase classname="tests.api.test_recipe_rules_lifecycle" name="test_update_rule_change_frequency_count" time="0.393" /><testcase classname="tests.api.test_recipe_rules_lifecycle" name="test_update_rule_change_enforcement" time="0.325" /><testcase classname="tests.api.test_recipe_rules_lifecycle" name="test_update_rule_change_meal_slot" time="0.216" /><testcase classname="tests.api.test_recipe_rules_lifecycle" name="test_update_rule_toggle_active" time="0.260" /><testcase classname="tests.api.test_recipe_rules_lifecycle" name="test_update_rule_change_multiple_fields_at_once" time="0.470" /><testcase classname="tests.api.test_recipe_rules_lifecycle" name="test_create_rule_meal_slot_case_normalized" time="0.553" /><testcase classname="tests.api.test_recipe_rules_lifecycle" name="test_update_rule_meal_slot_case_normalized" time="0.570" /><testcase classname="tests.api.test_recipe_rules_lifecycle" name="test_update_rule_partial_only_name" time="0.576" /><testcase classname="tests.api.test_recipe_rules_lifecycle" name="test_update_rule_partial_only_active" time="0.550" /><testcase classname="tests.api.test_recipe_rules_lifecycle" name="test_user_b_cannot_see_user_a_rules" time="0.534" /><testcase classname="tests.api.test_recipe_rules_lifecycle" name="test_user_b_cannot_update_user_a_rules" time="0.438" /><testcase classname="tests.api.test_recipe_rules_lifecycle" name="test_user_b_cannot_delete_user_a_rules" time="0.534" /><testcase classname="tests.api.test_recipe_rules_lifecycle" name="test_rules_ordered_by_created_at_desc" time="0.610" /><testcase classname="tests.api.test_recipe_rules_lifecycle" name="test_goals_ordered_by_created_at_desc" time="0.536" /><testcase classname="tests.api.test_recipe_rules_sync" name="test_sync_empty_both_directions" time="0.565" /><testcase classname="tests.api.test_recipe_rules_sync" name="test_sync_new_rule_from_client" time="0.614" /><testcase classname="tests.api.test_recipe_rules_sync" name="test_sync_new_goal_from_client" time="0.677" /><testcase classname="tests.api.test_recipe_rules_sync" name="test_sync_conflict_server_wins_older_client_timestamp" time="0.658" /><testcase classname="tests.api.test_recipe_rules_sync" name="test_sync_conflict_client_wins_newer_client_timestamp" time="0.613" /><testcase classname="tests.api.test_recipe_rules_sync" name="test_sync_goal_conflict_server_wins" time="0.604" /><testcase classname="tests.api.test_recipe_rules_sync" name="test_sync_goal_conflict_client_wins" time="0.532" /><testcase classname="tests.api.test_recipe_rules_sync" name="test_sync_batch_five_rules" time="0.679" /><testcase classname="tests.api.test_recipe_rules_sync" name="test_sync_batch_three_goals" time="0.717" /><testcase classname="tests.api.test_recipe_rules_sync" name="test_sync_batch_mixed_rules_and_goals" time="0.794" /><testcase classname="tests.api.test_recipe_rules_sync" name="test_sync_large_batch_ten_rules" time="0.790" /><testcase classname="tests.api.test_recipe_rules_sync" name="test_sync_duplicate_rule_in_batch" time="0.671" /><testcase classname="tests.api.test_recipe_rules_sync" name="test_sync_with_last_sync_time_filters" time="0.655" /><testcase classname="tests.api.test_recipe_rules_sync" name="test_sync_returns_all_server_rules" time="0.508" /><testcase classname="tests.api.test_recipe_rules_sync" name="test_sync_timezone_aware_comparison" time="0.569" /><testcase classname="tests.api.test_recipe_search" name="test_search_chai_returns_results" time="0.965" /><testcase classname="tests.api.test_recipe_search" name="test_search_case_insensitive" time="0.716" /><testcase classname="tests.api.test_recipe_search" name="test_search_partial_match" time="0.613" /><testcase classname="tests.api.test_recipe_search" name="test_search_empty_query_returns_all" time="0.646" /><testcase classname="tests.api.test_recipe_search" name="test_search_no_results" time="0.507" /><testcase classname="tests.api.test_recipe_search" name="test_search_with_cuisine_filter" time="0.490" /><testcase classname="tests.api.test_recipe_search" name="test_search_with_meal_type_filter" time="0.554" /><testcase classname="tests.api.test_recipe_search" name="test_search_pagination" time="0.804" /><testcase classname="tests.api.test_recipe_search" name="test_search_requires_authentication" time="0.497" /><testcase classname="tests.api.test_recipe_search" name="test_search_response_structure" time="0.441" /><testcase classname="tests.api.test_recipes_api" name="test_ai_catalog_search_basic" time="0.360" /><testcase classname="tests.api.test_recipes_api" name="test_ai_catalog_search_dietary_filter" time="0.350" /><testcase classname="tests.api.test_recipes_api" name="test_ai_catalog_search_favorites_first" time="0.259" /><testcase classname="tests.api.test_recipes_api" name="test_ai_catalog_search_limit" time="0.227" /><testcase classname="tests.api.test_recipes_api" name="test_ai_catalog_search_empty_query" time="0.239" /><testcase classname="tests.api.test_recipes_api" name="test_ai_catalog_unauthorized" time="0.344" /><testcase classname="tests.api.test_recipes_api" name="test_get_recipe_by_id" time="0.407" /><testcase classname="tests.api.test_recipes_api" name="test_get_recipe_not_found" time="0.344" /><testcase classname="tests.api.test_recipes_api" name="test_get_recipe_unauthorized" time="0.319" /><testcase classname="tests.api.test_recipes_api" name="test_scale_recipe_up" time="0.403" /><testcase classname="tests.api.test_recipes_api" name="test_scale_recipe_down" time="0.373" /><testcase classname="tests.api.test_recipes_api" name="test_scale_recipe_not_found" time="0.266" /><testcase classname="tests.api.test_recipes_api" name="test_scale_recipe_unauthorized" time="0.297" /><testcase classname="tests.api.test_scoped_endpoints" name="test_stats_personal_scope" time="0.222" /><testcase classname="tests.api.test_scoped_endpoints" name="test_stats_family_scope_no_household" time="0.196" /><testcase classname="tests.api.test_scoped_endpoints" name="test_grocery_personal_scope" time="0.166" /><testcase classname="tests.api.test_scoped_endpoints" name="test_grocery_family_scope_no_household" time="0.211" /><testcase classname="tests.api.test_scoped_endpoints" name="test_recipe_rules_personal_scope" time="0.240" /><testcase classname="tests.api.test_scoped_endpoints" name="test_recipe_rules_family_scope_no_household" time="0.197" /><testcase classname="tests.api.test_security_middleware.TestSecurityHeaders" name="test_health_has_security_headers" time="21.255" /><testcase classname="tests.api.test_security_middleware.TestSecurityHeaders" name="test_api_version_header" time="21.308" /><testcase classname="tests.api.test_security_middleware.TestSecurityHeaders" name="test_api_endpoint_has_security_headers" time="0.282" /><testcase classname="tests.api.test_security_middleware.TestImageValidation" name="test_photos_rejects_non_image" time="0.285" /><testcase classname="tests.api.test_security_middleware.TestImageValidation" name="test_photos_rejects_oversized" time="0.378" /><testcase classname="tests.api.test_stats_api" name="test_get_streak_with_data" time="0.267" /><testcase classname="tests.api.test_stats_api" name="test_get_streak_no_data" time="0.288" /><testcase classname="tests.api.test_stats_api" name="test_get_streak_days_this_week" time="0.262" /><testcase classname="tests.api.test_stats_api" name="test_get_streak_unauthorized" time="0.314" /><testcase classname="tests.api.test_stats_api" name="test_monthly_stats_valid_month" time="0.429" /><testcase classname="tests.api.test_stats_api" name="test_monthly_stats_with_cooking_days" time="0.640" /><testcase classname="tests.api.test_stats_api" name="test_monthly_stats_with_achievements" time="0.565" /><testcase classname="tests.api.test_stats_api" name="test_monthly_stats_no_data" time="0.508" /><testcase classname="tests.api.test_stats_api" name="test_monthly_stats_invalid_format" time="0.677" /><testcase classname="tests.api.test_stats_api" name="test_monthly_stats_unauthorized" time="0.734" /><testcase classname="tests.api.test_unicode_handling" name="test_search_recipes_hindi_name" time="0.774" /><testcase classname="tests.api.test_unicode_handling" name="test_search_recipes_hindi_description" time="0.739" /><testcase classname="tests.api.test_unicode_handling" name="test_search_recipes_mixed_unicode" time="0.683" /><testcase classname="tests.api.test_unicode_handling" name="test_search_recipes_devanagari_digits" time="0.785" /><testcase classname="tests.api.test_unicode_handling" name="test_search_recipes_emoji" time="0.721" /><testcase classname="tests.api.test_unicode_handling" name="test_search_recipes_special_chars" time="0.558" /><testcase classname="tests.api.test_unicode_handling" name="test_search_empty_string" time="0.519" /><testcase classname="tests.api.test_unicode_handling" name="test_search_very_long_string" time="0.437" /><testcase classname="tests.api.test_unicode_handling" name="test_create_family_member_hindi_name" time="0.609" /><testcase classname="tests.api.test_unicode_handling" name="test_create_family_member_emoji_name" time="0.469" /><testcase classname="tests.api.test_unicode_handling" name="test_create_family_member_mixed_script_name" time="0.459" /><testcase classname="tests.api.test_unicode_handling" name="test_create_recipe_rule_hindi_target" time="0.612" /><testcase classname="tests.api.test_unicode_handling" name="test_create_recipe_rule_special_chars_target" time="0.606" /><testcase classname="tests.api.test_unicode_handling" name="test_recipe_rule_duplicate_check_hindi" time="0.625" /><testcase classname="tests.api.test_unicode_handling" name="test_ai_catalog_search_hindi" time="0.559" /><testcase classname="tests.api.test_unicode_handling" name="test_ai_catalog_search_emoji" time="0.696" /><testcase classname="tests.api.test_users_api" name="test_get_current_user_with_preferences" time="0.715" /><testcase classname="tests.api.test_users_api" name="test_get_current_user_no_preferences" time="0.575" /><testcase classname="tests.api.test_users_api" name="test_get_current_user_unauthorized" time="0.421" /><testcase classname="tests.api.test_users_api" name="test_update_preferences_first_time" time="0.587" /><testcase classname="tests.api.test_users_api" name="test_update_preferences_existing" time="0.594" /><testcase classname="tests.api.test_users_api" name="test_update_preferences_primary_diet_mapping" time="0.568" /><testcase classname="tests.api.test_users_api" name="test_update_preferences_busy_days" time="0.431" /><testcase classname="tests.api.test_users_api" name="test_update_preferences_cooking_times" time="0.418" /><testcase classname="tests.api.test_users_api" name="test_update_preferences_marks_onboarded" time="0.499" /><testcase classname="tests.api.test_users_api" name="test_update_preferences_unauthorized" time="0.385" /><testcase classname="tests.integration.test_auth_merge" name="test_merge_firebase_uid_on_same_email" time="0.439" /><testcase classname="tests.integration.test_auth_merge" name="test_merge_preserves_user_data" time="0.471" /><testcase classname="tests.integration.test_auth_merge" name="test_merge_updates_firebase_uid_in_db" time="0.460" /><testcase classname="tests.integration.test_auth_merge" name="test_new_user_still_creates_normally" time="0.417" /><testcase classname="tests.integration.test_auth_merge" name="test_same_firebase_uid_returns_existing" time="0.278" /><testcase classname="tests.integration.test_email_uniqueness" name="test_new_user_email_stored_lowercase" time="0.262" /><testcase classname="tests.integration.test_email_uniqueness" name="test_duplicate_email_different_firebase_uid_merges" time="0.193" /><testcase classname="tests.integration.test_email_uniqueness" name="test_duplicate_email_case_insensitive_merges" time="0.234" /><testcase classname="tests.integration.test_email_uniqueness" name="test_null_email_allows_multiple_users" time="0.394" /><testcase classname="tests.integration.test_email_uniqueness" name="test_existing_user_same_firebase_uid_no_conflict" time="0.429" /><testcase classname="tests.integration.test_email_uniqueness" name="test_fake_firebase_token_uses_test_email" time="0.393" /><testcase classname="tests.integration.test_email_uniqueness" name="test_merge_preserves_original_user_id" time="0.459" /><testcase classname="tests.integration.test_migrate_legacy_rules" name="test_map_frequency_to_new_format_daily" time="0.003" /><testcase classname="tests.integration.test_migrate_legacy_rules" name="test_map_frequency_to_new_format_weekly" time="0.003" /><testcase classname="tests.integration.test_migrate_legacy_rules" name="test_map_frequency_to_new_format_times_per_week" time="0.004" /><testcase classname="tests.integration.test_migrate_legacy_rules" name="test_map_frequency_to_new_format_never" time="0.003" /><testcase classname="tests.integration.test_migrate_legacy_rules" name="test_migrate_user_rules_success" time="0.488" /><testcase classname="tests.integration.test_migrate_legacy_rules" name="test_migrate_user_rules_no_legacy_rules" time="0.418" /><testcase classname="tests.integration.test_migrate_legacy_rules" name="test_migrate_user_rules_idempotent" time="0.403" /><testcase classname="tests.integration.test_migrate_legacy_rules" name="test_migrate_all_users" time="0.326" /><testcase classname="tests.integration.test_migrate_legacy_rules" name="test_migrate_user_rules_preserves_meal_slot" time="0.395" /><testcase classname="tests.integration.test_migrate_legacy_rules" name="test_migrate_user_rules_inactive_rule" time="0.005" /><testcase classname="tests.integration.test_migrate_legacy_rules" name="test_migration_stats_calculations" time="0.005" /><testcase classname="tests.integration.test_recipe_rule_enforcement.TestIncludeRuleAppearsInPrompt" name="test_include_rule_appears_in_generation_prompt" time="21.511" /><testcase classname="tests.integration.test_recipe_rule_enforcement.TestExcludeRuleRemovesFromResult" name="test_exclude_rule_removes_from_result" time="0.004" /><testcase classname="tests.integration.test_recipe_rule_enforcement.TestExcludeRuleRemovesFromResult" name="test_exclude_specific_days_only_removes_on_those_days" time="0.003" /><testcase classname="tests.integration.test_recipe_rule_enforcement.TestFastingDayExcludesAvoidedFoods" name="test_fasting_day_excludes_avoided_foods" time="0.005" /><testcase classname="tests.integration.test_recipe_rule_enforcement.TestFastingDayExcludesAvoidedFoods" name="test_fasting_default_exclusions_remove_grain_and_onion" time="0.004" /><testcase classname="tests.integration.test_recipe_rule_enforcement.TestMultipleRulesAppliedTogether" name="test_multiple_rules_applied_together" time="0.003" /><testcase classname="tests.integration.test_recipe_rule_enforcement.TestAllergenStrictModeRemovesAllergens" name="test_allergen_removes_peanut_items" time="0.024" /><testcase classname="tests.integration.test_recipe_rule_enforcement.TestAllergenStrictModeRemovesAllergens" name="test_allergen_dairy_removes_paneer_and_curd" time="0.005" /><testcase classname="tests.integration.test_recipe_rule_enforcement.TestAllergenStrictModeRemovesAllergens" name="test_allergen_string_format_also_works" time="0.019" /><testcase classname="tests.integration.test_recipe_rule_enforcement.TestIncludeRuleFrequencyRespected" name="test_rule_with_frequency_respected" time="0.332" /><testcase classname="tests.integration.test_recipe_rule_enforcement.TestIncludeRuleFrequencyRespected" name="test_include_daily_frequency_in_prompt" time="0.275" /><testcase classname="tests.integration.test_recipe_rule_enforcement.TestExcludeRuleAppearsInPrompt" name="test_exclude_rule_appears_in_prompt" time="0.274" /><testcase classname="tests.integration.test_sharma_recipe_rules" name="test_sharma_create_chai_breakfast_rule" time="0.195" /><testcase classname="tests.integration.test_sharma_recipe_rules" name="test_sharma_create_chai_snacks_rule" time="0.258" /><testcase classname="tests.integration.test_sharma_recipe_rules" name="test_sharma_create_moringa_rule" time="0.285" /><testcase classname="tests.integration.test_sharma_recipe_rules" name="test_sharma_create_paneer_exclude_rule" time="0.235" /><testcase classname="tests.integration.test_sharma_recipe_rules" name="test_sharma_create_eggs_rule" time="0.249" /><testcase classname="tests.integration.test_sharma_recipe_rules" name="test_sharma_create_chicken_rule" time="0.241" /><testcase classname="tests.integration.test_sharma_recipe_rules" name="test_sharma_create_green_leafy_goal" time="0.402" /><testcase classname="tests.integration.test_sharma_recipe_rules" name="test_sharma_all_rules_listed" time="0.485" /><testcase classname="tests.integration.test_sharma_recipe_rules" name="test_sharma_delete_and_recreate_rule" time="0.398" /><testcase classname="tests.integration.test_sharma_recipe_rules" name="test_sharma_rule_fields_match" time="0.477" /><testcase classname="tests.integration.test_sharma_recipe_rules" name="test_sharma_nutrition_goal_fields_match" time="0.637" /><testcase classname="tests.integration.test_sharma_recipe_rules" name="test_sharma_duplicate_nutrition_goal_rejected" time="0.571" /><testcase classname="tests.integration.test_sharma_recipe_rules" name="test_sharma_onboarding_preferences_roundtrip" time="0.534" /><testcase classname="tests.integration.test_swap_grocery_flow" name="test_swap_meal_updates_grocery_list" time="1.131" /><testcase classname="tests.integration.test_swap_grocery_flow" name="test_grocery_list_reflects_current_plan" time="0.648" /><testcase classname="tests.integration.test_swap_grocery_flow" name="test_swap_does_not_affect_unswapped_items" time="0.681" /><testcase classname="tests.integration.test_swap_grocery_flow" name="test_swap_back_to_original_restores_grocery" time="0.702" /><testcase classname="tests.services.test_items_per_meal.TestItemsPerMealPersistence" name="test_update_items_per_meal" time="0.448" /><testcase classname="tests.services.test_items_per_meal.TestItemsPerMealPersistence" name="test_items_per_meal_default_value" time="0.298" /><testcase classname="tests.services.test_items_per_meal.TestItemsPerMealPersistence" name="test_items_per_meal_in_response" time="0.235" /><testcase classname="tests.services.test_items_per_meal.TestItemsPerMealPersistence" name="test_items_per_meal_validation_range" time="0.189" /><testcase classname="tests.services.test_items_per_meal.TestItemsPerMealPersistence" name="test_items_per_meal_update_preserves_other_fields" time="0.171" /><testcase classname="tests.services.test_items_per_meal.TestMealGenerationSettings" name="test_strict_allergen_mode_persistence" time="0.216" /><testcase classname="tests.services.test_items_per_meal.TestMealGenerationSettings" name="test_allow_recipe_repeat_persistence" time="0.196" /><testcase classname="tests.services.test_items_per_meal.TestPreferencesResponseFreshness" name="test_put_response_contains_updated_items_per_meal" time="0.193" /><testcase classname="tests.services.test_items_per_meal.TestPreferencesResponseFreshness" name="test_put_response_contains_updated_allow_recipe_repeat" time="0.329" /><testcase classname="tests.services.test_items_per_meal.TestPreferencesResponseFreshness" name="test_put_response_multiple_fields_fresh" time="0.493" /><testcase classname="tests.services.test_items_per_meal.TestItemsPerMealPrompt" name="test_prompt_includes_items_per_meal" time="0.003" /><testcase classname="tests.services.test_items_per_meal.TestItemsPerMealPrompt" name="test_prompt_default_items_per_meal" time="0.003" /><testcase classname="tests.services.test_items_per_meal.TestItemsPerMealPrompt" name="test_dataclass_loads_items_per_meal" time="0.039" /><testcase classname="tests.services.test_recipe_rule_family_conflict.TestRecipeRuleFamilyConflict" name="test_include_sweet_blocked_for_diabetic[asyncio]" time="0.405" /><testcase classname="tests.services.test_recipe_rule_family_conflict.TestRecipeRuleFamilyConflict" name="test_include_onion_blocked_for_jain[asyncio]" time="0.419" /><testcase classname="tests.services.test_recipe_rule_family_conflict.TestRecipeRuleFamilyConflict" name="test_include_aloo_blocked_for_jain[asyncio]" time="0.685" /><testcase classname="tests.services.test_recipe_rule_family_conflict.TestRecipeRuleFamilyConflict" name="test_exclude_rule_no_conflict_check[asyncio]" time="0.682" /><testcase classname="tests.services.test_recipe_rule_family_conflict.TestRecipeRuleFamilyConflict" name="test_no_family_members_no_conflict[asyncio]" time="0.589" /><testcase classname="tests.services.test_recipe_rule_family_conflict.TestRecipeRuleFamilyConflict" name="test_force_override_creates_rule[asyncio]" time="0.496" /><testcase classname="tests.services.test_recipe_rule_family_conflict.TestRecipeRuleFamilyConflict" name="test_conflict_response_structured_details[asyncio]" time="0.513" /><testcase classname="tests.services.test_recipe_rule_family_conflict.TestRecipeRuleFamilyConflict" name="test_force_override_persisted[asyncio]" time="0.422" /><testcase classname="tests.services.test_recipe_rule_family_conflict.TestRecipeRuleFamilyConflict" name="test_force_override_survives_sync[asyncio]" time="0.302" /><testcase classname="tests.services.test_recipe_rule_family_conflict.TestRecipeRuleFamilyConflict" name="test_include_sweet_blocked_for_diabetic[trio]" time="0.194" /><testcase classname="tests.services.test_recipe_rule_family_conflict.TestRecipeRuleFamilyConflict" name="test_include_onion_blocked_for_jain[trio]" time="0.142" /><testcase classname="tests.services.test_recipe_rule_family_conflict.TestRecipeRuleFamilyConflict" name="test_include_aloo_blocked_for_jain[trio]" time="0.125" /><testcase classname="tests.services.test_recipe_rule_family_conflict.TestRecipeRuleFamilyConflict" name="test_exclude_rule_no_conflict_check[trio]" time="0.132" /><testcase classname="tests.services.test_recipe_rule_family_conflict.TestRecipeRuleFamilyConflict" name="test_no_family_members_no_conflict[trio]" time="0.147" /><testcase classname="tests.services.test_recipe_rule_family_conflict.TestRecipeRuleFamilyConflict" name="test_force_override_creates_rule[trio]" time="0.285" /><testcase classname="tests.services.test_recipe_rule_family_conflict.TestRecipeRuleFamilyConflict" name="test_conflict_response_structured_details[trio]" time="0.498" /><testcase classname="tests.services.test_recipe_rule_family_conflict.TestRecipeRuleFamilyConflict" name="test_force_override_persisted[trio]" time="0.458" /><testcase classname="tests.services.test_recipe_rule_family_conflict.TestRecipeRuleFamilyConflict" name="test_force_override_survives_sync[trio]" time="0.439" /><testcase classname="tests.services.test_token_rotation.TestRefreshTokenRotation" name="test_hash_token_deterministic" time="0.007" /><testcase classname="tests.services.test_token_rotation.TestRefreshTokenRotation" name="test_hash_token_different_inputs" time="0.004" /><testcase classname="tests.services.test_token_rotation.TestRefreshTokenRotation" name="test_refresh_token_stored_on_auth" time="0.623" /><testcase classname="tests.services.test_token_rotation.TestRefreshTokenRotation" name="test_revoke_token" time="0.658" /><testcase classname="tests.services.test_token_rotation.TestLogout" name="test_logout_revokes_all_tokens_directly" time="0.570" /><testcase classname="tests.services.test_token_rotation.TestLogout" name="test_logout_endpoint" time="0.504" /><testcase classname="tests.services.test_token_rotation.TestTokenExpiry" name="test_expired_token_not_usable" time="0.436" /><testcase classname="tests.services.test_token_rotation.TestTokenExpiry" name="test_token_30_day_expiry" time="0.006" /><testcase classname="tests.services.test_token_rotation.TestRefreshTokenSchema" name="test_refresh_response_has_refresh_token_field" time="0.005" /><testcase classname="tests.services.test_user_deletion.TestUserDeletionService" name="test_soft_delete_sets_inactive" time="0.392" /><testcase classname="tests.services.test_user_deletion.TestUserDeletionService" name="test_soft_delete_nonexistent_user" time="0.643" /><testcase classname="tests.services.test_user_deletion.TestUserDeletionService" name="test_export_user_data_basic" time="0.684" /><testcase classname="tests.services.test_user_deletion.TestUserDeletionService" name="test_export_includes_preferences" time="0.661" /><testcase classname="tests.services.test_user_deletion.TestUserDeletionService" name="test_export_includes_family_members" time="0.698" /><testcase classname="tests.services.test_user_deletion.TestUserDeletionService" name="test_export_includes_recipe_rules" time="0.529" /><testcase classname="tests.services.test_user_deletion.TestUserDeletionService" name="test_export_nonexistent_user" time="0.327" /><testcase classname="tests.services.test_user_deletion.TestUserDeletionAPI" name="test_delete_me_endpoint" time="0.534" /><testcase classname="tests.services.test_user_deletion.TestUserDeletionAPI" name="test_export_me_endpoint" time="0.668" /><testcase classname="tests.services.test_user_deletion.TestUserDeletionAPI" name="test_export_includes_all_sections" time="0.572" /></testsuite></testsuites>