<?xml version="1.0" encoding="utf-8"?><testsuites name="pytest tests"><testsuite name="pytest" errors="0" failures="1" skipped="0" tests="862" time="452.211" timestamp="2026-07-13T08:48:15.672871+05:30" hostname="LAPTOP-IOTIH7C4"><testcase classname="tests.api.test_ai_recipe_catalog" name="test_catalog_recipe_on_meal_generation" time="0.543" /><testcase classname="tests.api.test_ai_recipe_catalog" name="test_catalog_dedup_increments_usage_count" time="0.622" /><testcase classname="tests.api.test_ai_recipe_catalog" name="test_search_filters_by_dietary_tags" time="0.674" /><testcase classname="tests.api.test_ai_recipe_catalog" name="test_search_sorts_favorites_first" time="0.745" /><testcase classname="tests.api.test_ai_recipe_catalog" name="test_search_sorts_by_usage_count" time="0.779" /><testcase classname="tests.api.test_ai_recipe_catalog" name="test_search_empty_query_returns_popular" time="0.828" /><testcase classname="tests.api.test_ai_recipe_catalog" name="test_catalog_stores_ingredients_and_nutrition" time="0.845" /><testcase classname="tests.api.test_ai_recipe_catalog" name="test_dietary_filter_vegetarian_excludes_nonveg" time="0.006" /><testcase classname="tests.api.test_ai_recipe_catalog" name="test_dietary_filter_vegetarian_allows_veg" time="0.007" /><testcase classname="tests.api.test_ai_recipe_catalog" name="test_dietary_filter_nonveg_sees_everything" time="0.007" /><testcase classname="tests.api.test_ai_recipe_catalog" name="test_dietary_filter_vegan_requires_vegan_tag" time="0.010" /><testcase classname="tests.api.test_ai_recipe_catalog" name="test_dietary_filter_jain_requires_jain_tag" time="0.009" /><testcase classname="tests.api.test_ai_recipe_catalog" name="test_normalize_recipe_name" time="0.007" /><testcase classname="tests.api.test_ai_recipe_catalog" name="test_search_ai_catalog_endpoint_empty" time="0.833" /><testcase classname="tests.api.test_ai_recipe_catalog" name="test_search_ai_catalog_endpoint_with_results" time="0.992" /><testcase classname="tests.api.test_ai_recipe_catalog" name="test_search_ai_catalog_endpoint_with_favorites" time="0.943" /><testcase classname="tests.api.test_auth" name="test_firebase_auth_mock" time="0.894" /><testcase classname="tests.api.test_auth" name="test_get_current_user_unauthorized" time="0.744" /><testcase classname="tests.api.test_auth" name="test_get_current_user_invalid_token" time="0.774" /><testcase classname="tests.api.test_auth" name="test_refresh_token_success" time="0.900" /><testcase classname="tests.api.test_auth" name="test_refresh_token_invalid_token" time="0.775" /><testcase classname="tests.api.test_auth" name="test_firebase_auth_returns_phone_number" time="0.860" /><testcase classname="tests.api.test_auth" name="test_refresh_token_with_access_token_fails" time="1.056" /><testcase classname="tests.api.test_auth_logout" name="test_logout_success" time="0.817" /><testcase classname="tests.api.test_auth_logout" name="test_logout_unauthenticated" time="0.786" /><testcase classname="tests.api.test_auth_logout" name="test_logout_response_structure" time="0.795" /><testcase classname="tests.api.test_auth_logout" name="test_logout_revokes_refresh_tokens" time="0.851" /><testcase classname="tests.api.test_auth_logout" name="test_logout_idempotent" time="0.749" /><testcase classname="tests.api.test_auth_logout" name="test_logout_no_existing_tokens" time="0.802" /><testcase classname="tests.api.test_chat_api.TestChatMessageEndpoint" name="test_send_message_success" time="0.834" /><testcase classname="tests.api.test_chat_api.TestChatMessageEndpoint" name="test_send_message_empty_fails" time="1.056" /><testcase classname="tests.api.test_chat_api.TestChatMessageEndpoint" name="test_send_message_no_auth" time="0.809" /><testcase classname="tests.api.test_chat_api.TestChatMessageEndpoint" name="test_send_message_tool_response" time="0.893" /><testcase classname="tests.api.test_chat_api.TestChatHistoryEndpoint" name="test_get_history_success" time="0.821" /><testcase classname="tests.api.test_chat_api.TestChatHistoryEndpoint" name="test_get_history_no_auth" time="0.868" /><testcase classname="tests.api.test_chat_api.TestChatHistoryEndpoint" name="test_get_history_empty" time="0.801" /><testcase classname="tests.api.test_chat_api.TestChatSchemas" name="test_chat_message_request_validation" time="0.008" /><testcase classname="tests.api.test_chat_api.TestChatSchemas" name="test_chat_message_response_structure" time="0.007" /><testcase classname="tests.api.test_chat_api.TestChatSchemas" name="test_chat_response_structure" time="0.008" /><testcase classname="tests.api.test_chat_api.TestChatSchemas" name="test_chat_history_response_structure" time="0.009" /><testcase classname="tests.api.test_chat_api.TestChatEndpointDocumentation" name="test_openapi_has_chat_endpoints" time="1.038" /><testcase classname="tests.api.test_chat_pagination.TestChatHistoryReturnsMessages" name="test_chat_history_returns_messages" time="0.753" /><testcase classname="tests.api.test_chat_pagination.TestChatHistoryReturnsMessages" name="test_chat_history_empty" time="0.748" /><testcase classname="tests.api.test_chat_pagination.TestChatHistoryFiltering" name="test_chat_history_excludes_tool_messages" time="0.721" /><testcase classname="tests.api.test_chat_pagination.TestChatHistoryFiltering" name="test_chat_history_unauthenticated" time="0.675" /><testcase classname="tests.api.test_chat_pagination.TestChatRepositoryHistory" name="test_default_limit_caps_at_50" time="1.281" /><testcase classname="tests.api.test_chat_pagination.TestChatRepositoryHistory" name="test_custom_limit" time="0.946" /><testcase classname="tests.api.test_chat_pagination.TestChatRepositoryHistory" name="test_history_ordered_chronologically" time="0.732" /><testcase classname="tests.api.test_chat_pagination.TestChatRepositoryHistory" name="test_history_returns_most_recent_when_limited" time="0.976" /><testcase classname="tests.api.test_chat_pagination.TestChatRepositoryHistory" name="test_history_empty_for_no_messages" time="0.783" /><testcase classname="tests.api.test_chat_pagination.TestChatContextWindow" name="test_context_window_last_6" time="0.926" /><testcase classname="tests.api.test_chat_pagination.TestChatContextWindow" name="test_context_window_fewer_than_limit" time="0.875" /><testcase classname="tests.api.test_chat_pagination.TestChatContextWindow" name="test_context_window_includes_role_and_content" time="0.850" /><testcase classname="tests.api.test_chat_pagination.TestChatContextWindow" name="test_context_window_formats_tool_calls" time="0.775" /><testcase classname="tests.api.test_chat_pagination.TestToolMessageFilteringAtServiceLevel" name="test_tool_messages_excluded_from_history" time="0.746" /><testcase classname="tests.api.test_chat_pagination.TestToolMessageFilteringAtServiceLevel" name="test_history_messages_have_required_fields" time="0.773" /><testcase classname="tests.api.test_chat_pagination.TestChatHistoryUserIsolation" name="test_history_scoped_to_user" time="0.822" /><testcase classname="tests.api.test_cooking_activity" name="test_record_cooking_activity_returns_200" time="0.569" /><testcase classname="tests.api.test_cooking_activity" name="test_record_cooking_activity_increments_on_second_call" time="0.533" /><testcase classname="tests.api.test_cooking_activity" name="test_record_cooking_activity_unauthorized" time="0.384" /><testcase classname="tests.api.test_error_cases" name="test_get_recipe_nonexistent_returns_404" time="0.339" /><testcase classname="tests.api.test_error_cases" name="test_chat_message_empty_content_422" time="0.315" /><testcase classname="tests.api.test_error_cases" name="test_chat_message_missing_content_422" time="0.240" /><testcase classname="tests.api.test_error_cases" name="test_chat_unauthenticated_401" time="0.235" /><testcase classname="tests.api.test_error_cases" name="test_chat_history_unauthenticated_401" time="0.227" /><testcase classname="tests.api.test_error_cases" name="test_scope_parameter_invalid_value_treated_as_personal" time="0.219" /><testcase classname="tests.api.test_error_cases" name="test_scope_parameter_missing_defaults_to_personal" time="0.417" /><testcase classname="tests.api.test_error_cases" name="test_delete_notification_not_found_404" time="0.508" /><testcase classname="tests.api.test_error_cases" name="test_delete_notification_unauthenticated_401" time="0.493" /><testcase classname="tests.api.test_error_cases" name="test_update_preferences_invalid_household_size_422" time="0.543" /><testcase classname="tests.api.test_error_cases" name="test_update_preferences_household_size_too_large_422" time="0.603" /><testcase classname="tests.api.test_error_cases" name="test_update_preferences_items_per_meal_out_of_range_422" time="0.689" /><testcase classname="tests.api.test_error_cases" name="test_get_current_meal_plan_not_found" time="0.640" /><testcase classname="tests.api.test_error_cases" name="test_get_meal_plan_by_id_not_found" time="0.603" /><testcase classname="tests.api.test_error_cases" name="test_meal_plans_unauthenticated_401" time="0.591" /><testcase classname="tests.api.test_family_members_api" name="test_update_preferences_with_primary_diet" time="0.636" /><testcase classname="tests.api.test_family_members_api" name="test_update_preferences_with_busy_days" time="0.587" /><testcase classname="tests.api.test_family_members_api" name="test_get_family_members_empty" time="0.569" /><testcase classname="tests.api.test_family_members_api" name="test_create_family_member" time="0.582" /><testcase classname="tests.api.test_family_members_api" name="test_get_family_members_list" time="0.623" /><testcase classname="tests.api.test_family_members_api" name="test_update_family_member" time="0.774" /><testcase classname="tests.api.test_family_members_api" name="test_delete_family_member" time="0.509" /><testcase classname="tests.api.test_family_members_api" name="test_family_member_with_health_conditions" time="0.483" /><testcase classname="tests.api.test_favorites_api" name="test_add_favorite_201" time="0.636" /><testcase classname="tests.api.test_favorites_api" name="test_remove_favorite_204" time="0.570" /><testcase classname="tests.api.test_favorites_api" name="test_get_favorites_list" time="0.558" /><testcase classname="tests.api.test_favorites_api" name="test_duplicate_favorite_409" time="0.486" /><testcase classname="tests.api.test_favorites_api" name="test_favorites_scoped_to_user" time="0.374" /><testcase classname="tests.api.test_favorites_api" name="test_get_favorites_unauthorized_401" time="0.546" /><testcase classname="tests.api.test_favorites_api" name="test_remove_nonexistent_404" time="0.632" /><testcase classname="tests.api.test_festival_meal_generation.TestCreateFestival" name="test_create_festival_success" time="0.641" /><testcase classname="tests.api.test_festival_meal_generation.TestCreateFestival" name="test_create_festival_unauthenticated" time="0.606" /><testcase classname="tests.api.test_festival_meal_generation.TestCreateFestival" name="test_create_festival_fasting_day" time="0.630" /><testcase classname="tests.api.test_festival_meal_generation.TestCreateFestival" name="test_create_festival_appears_in_upcoming" time="0.760" /><testcase classname="tests.api.test_festival_meal_generation.TestCreateFestival" name="test_create_festival_forbidden_non_debug" time="0.835" /><testcase classname="tests.api.test_festival_meal_generation.TestFestivalServiceIntegration" name="test_festival_included_in_date_range_query" time="0.756" /><testcase classname="tests.api.test_festival_meal_generation.TestFestivalServiceIntegration" name="test_fasting_festival_has_avoided_foods" time="0.985" /><testcase classname="tests.api.test_festival_meal_generation.TestFestivalServiceIntegration" name="test_festival_by_date_returns_correct" time="0.816" /><testcase classname="tests.api.test_festival_meal_generation.TestFestivalServiceIntegration" name="test_no_festival_for_empty_date" time="0.830" /><testcase classname="tests.api.test_festival_meal_generation.TestFestivalServiceIntegration" name="test_inactive_festival_excluded" time="0.865" /><testcase classname="tests.api.test_festival_meal_generation.TestFestivalResponseStructure" name="test_festival_response_has_all_fields" time="0.859" /><testcase classname="tests.api.test_festival_meal_generation.TestFestivalResponseStructure" name="test_upcoming_festivals_sorted_by_date" time="0.838" /><testcase classname="tests.api.test_festivals_api" name="test_upcoming_festivals_default_30_days" time="0.834" /><testcase classname="tests.api.test_festivals_api" name="test_upcoming_festivals_custom_days" time="0.807" /><testcase classname="tests.api.test_festivals_api" name="test_upcoming_festivals_sorted_by_date" time="0.740" /><testcase classname="tests.api.test_festivals_api" name="test_upcoming_festivals_days_away" time="0.791" /><testcase classname="tests.api.test_festivals_api" name="test_upcoming_festivals_excludes_inactive" time="1.734" /><testcase classname="tests.api.test_festivals_api" name="test_upcoming_festivals_empty" time="0.905" /><testcase classname="tests.api.test_festivals_api" name="test_upcoming_festivals_no_auth_required" time="0.958" /><testcase classname="tests.api.test_festivals_api" name="test_upcoming_festivals_max_days" time="0.739" /><testcase classname="tests.api.test_festivals_api" name="test_upcoming_festivals_special_foods" time="0.737" /><testcase classname="tests.api.test_grocery_api" name="test_grocery_list_with_meal_plan_id" time="0.786" /><testcase classname="tests.api.test_grocery_api" name="test_grocery_list_aggregation" time="0.695" /><testcase classname="tests.api.test_grocery_api" name="test_grocery_list_category_grouping" time="0.708" /><testcase classname="tests.api.test_grocery_api" name="test_grocery_list_no_plan" time="0.600" /><testcase classname="tests.api.test_grocery_api" name="test_grocery_list_unauthorized" time="0.581" /><testcase classname="tests.api.test_grocery_api" name="test_grocery_whatsapp_format" time="0.717" /><testcase classname="tests.api.test_grocery_api" name="test_grocery_whatsapp_structure" time="0.673" /><testcase classname="tests.api.test_grocery_api" name="test_grocery_whatsapp_no_plan" time="0.534" /><testcase classname="tests.api.test_grocery_api" name="test_grocery_whatsapp_unauthorized" time="0.494" /><testcase classname="tests.api.test_health" name="test_health_check" time="21.531"><failure message="assert 503 == 200&#10; +  where 503 = &lt;Response [503 Service Unavailable]&gt;.status_code">client = &lt;httpx.AsyncClient object at 0x0000015D184E2F90&gt;

    @pytest.mark.asyncio
    async def test_health_check(client: AsyncClient):
        """Test health check endpoint."""
        response = await client.get("/health")
&gt;       assert response.status_code == 200
E       assert 503 == 200
E        +  where 503 = &lt;Response [503 Service Unavailable]&gt;.status_code

tests\api\test_health.py:11: AssertionError</failure></testcase><testcase classname="tests.api.test_health" name="test_root_endpoint" time="0.355" /><testcase classname="tests.api.test_household_crud" name="test_create_household" time="0.335" /><testcase classname="tests.api.test_household_crud" name="test_create_household_unauthenticated" time="0.297" /><testcase classname="tests.api.test_household_crud" name="test_get_household" time="0.334" /><testcase classname="tests.api.test_household_crud" name="test_get_household_not_member" time="0.333" /><testcase classname="tests.api.test_household_crud" name="test_get_household_not_found" time="0.339" /><testcase classname="tests.api.test_household_crud" name="test_update_household_name" time="0.465" /><testcase classname="tests.api.test_household_crud" name="test_update_household_max_members" time="0.684" /><testcase classname="tests.api.test_household_crud" name="test_update_household_not_owner" time="0.351" /><testcase classname="tests.api.test_household_crud" name="test_deactivate_household" time="0.321" /><testcase classname="tests.api.test_household_crud" name="test_deactivate_household_with_members" time="0.259" /><testcase classname="tests.api.test_household_crud" name="test_list_members" time="0.275" /><testcase classname="tests.api.test_household_crud" name="test_list_members_not_member" time="0.234" /><testcase classname="tests.api.test_household_crud" name="test_add_member_existing_user" time="0.256" /><testcase classname="tests.api.test_household_crud" name="test_add_member_unknown_phone" time="0.542" /><testcase classname="tests.api.test_household_crud" name="test_add_member_duplicate" time="0.616" /><testcase classname="tests.api.test_household_crud" name="test_add_member_at_capacity" time="0.443" /><testcase classname="tests.api.test_household_crud" name="test_add_member_not_owner" time="0.404" /><testcase classname="tests.api.test_household_layer4" name="test_get_current_meal_plan_none" time="0.540" /><testcase classname="tests.api.test_household_layer4" name="test_get_current_meal_plan_with_items" time="0.595" /><testcase classname="tests.api.test_household_layer4" name="test_get_current_meal_plan_not_member" time="0.570" /><testcase classname="tests.api.test_household_layer4" name="test_get_constraints_empty_household" time="0.570" /><testcase classname="tests.api.test_household_layer4" name="test_get_constraints_with_prefs" time="0.483" /><testcase classname="tests.api.test_household_layer4" name="test_get_constraints_not_owner" time="0.475" /><testcase classname="tests.api.test_household_layer4" name="test_update_meal_item_status" time="0.579" /><testcase classname="tests.api.test_household_layer4" name="test_update_meal_item_status_with_edit_access" time="0.520" /><testcase classname="tests.api.test_household_layer4" name="test_update_meal_item_status_no_edit_access" time="0.460" /><testcase classname="tests.api.test_household_layer4" name="test_update_meal_item_status_not_found" time="0.429" /><testcase classname="tests.api.test_household_layer4" name="test_list_notifications_empty" time="0.506" /><testcase classname="tests.api.test_household_layer4" name="test_list_notifications_with_data" time="0.599" /><testcase classname="tests.api.test_household_layer4" name="test_mark_notification_read" time="0.570" /><testcase classname="tests.api.test_household_layer4" name="test_mark_notification_not_found" time="0.544" /><testcase classname="tests.api.test_household_layer4" name="test_notifications_not_member" time="0.525" /><testcase classname="tests.api.test_household_membership" name="test_refresh_invite_code" time="0.487" /><testcase classname="tests.api.test_household_membership" name="test_refresh_invite_code_not_owner" time="0.443" /><testcase classname="tests.api.test_household_membership" name="test_join_via_invite_code" time="0.449" /><testcase classname="tests.api.test_household_membership" name="test_join_invalid_code" time="0.455" /><testcase classname="tests.api.test_household_membership" name="test_join_expired_code" time="0.454" /><testcase classname="tests.api.test_household_membership" name="test_join_already_member" time="0.582" /><testcase classname="tests.api.test_household_membership" name="test_join_at_capacity" time="0.465" /><testcase classname="tests.api.test_household_membership" name="test_leave_household" time="0.412" /><testcase classname="tests.api.test_household_membership" name="test_leave_household_owner_blocked" time="0.415" /><testcase classname="tests.api.test_household_membership" name="test_transfer_ownership" time="0.602" /><testcase classname="tests.api.test_household_membership" name="test_transfer_to_metadata_only_member" time="0.573" /><testcase classname="tests.api.test_household_membership" name="test_transfer_not_owner" time="0.530" /><testcase classname="tests.api.test_household_membership" name="test_update_member_portion_size" time="0.395" /><testcase classname="tests.api.test_household_membership" name="test_update_member_change_owner_role_blocked" time="0.371" /><testcase classname="tests.api.test_household_membership" name="test_update_member_not_owner" time="0.347" /><testcase classname="tests.api.test_household_membership" name="test_update_member_can_edit_shared_plan" time="0.399" /><testcase classname="tests.api.test_household_membership" name="test_remove_member" time="0.339" /><testcase classname="tests.api.test_household_membership" name="test_remove_self_blocked" time="0.289" /><testcase classname="tests.api.test_household_membership" name="test_remove_member_not_owner" time="0.154" /><testcase classname="tests.api.test_household_membership" name="test_remove_member_not_found" time="0.162" /><testcase classname="tests.api.test_household_notification_isolation" name="test_user_sees_only_own_household_notifications" time="0.170" /><testcase classname="tests.api.test_household_notification_isolation" name="test_user_cannot_read_other_household_notification" time="0.202" /><testcase classname="tests.api.test_household_notification_isolation" name="test_user_cannot_delete_other_household_notification" time="0.195" /><testcase classname="tests.api.test_household_notification_isolation" name="test_notification_disappears_when_leaving_household" time="0.176" /><testcase classname="tests.api.test_household_notification_isolation" name="test_household_member_sees_household_notifications" time="0.151" /><testcase classname="tests.api.test_household_scoped" name="test_create_household_recipe_rule" time="0.349" /><testcase classname="tests.api.test_household_scoped" name="test_list_household_recipe_rules" time="0.385" /><testcase classname="tests.api.test_household_scoped" name="test_delete_household_recipe_rule" time="0.555" /><testcase classname="tests.api.test_household_scoped" name="test_delete_household_rule_not_found" time="0.594" /><testcase classname="tests.api.test_household_scoped" name="test_create_rule_not_owner" time="0.549" /><testcase classname="tests.api.test_household_scoped" name="test_list_rules_not_member" time="0.536" /><testcase classname="tests.api.test_household_scoped" name="test_delete_rule_not_owner" time="0.524" /><testcase classname="tests.api.test_household_scoped" name="test_create_include_rule_with_details" time="0.501" /><testcase classname="tests.api.test_household_scoped" name="test_monthly_stats_empty" time="0.548" /><testcase classname="tests.api.test_household_scoped" name="test_monthly_stats_not_member" time="0.463" /><testcase classname="tests.api.test_household_scoped" name="test_monthly_stats_with_meal_data" time="0.432" /><testcase classname="tests.api.test_household_validation" name="test_create_household_empty_name" time="0.305" /><testcase classname="tests.api.test_household_validation" name="test_create_household_name_too_long" time="0.211" /><testcase classname="tests.api.test_household_validation" name="test_create_household_missing_name" time="0.240" /><testcase classname="tests.api.test_household_validation" name="test_update_max_members_too_low" time="0.200" /><testcase classname="tests.api.test_household_validation" name="test_update_max_members_too_high" time="0.223" /><testcase classname="tests.api.test_household_validation" name="test_update_empty_name" time="0.180" /><testcase classname="tests.api.test_household_validation" name="test_join_code_too_short" time="0.197" /><testcase classname="tests.api.test_household_validation" name="test_join_code_too_long" time="0.223" /><testcase classname="tests.api.test_household_validation" name="test_join_missing_code" time="0.289" /><testcase classname="tests.api.test_household_validation" name="test_add_member_phone_too_short" time="0.340" /><testcase classname="tests.api.test_household_validation" name="test_add_member_missing_phone" time="0.336" /><testcase classname="tests.api.test_household_validation" name="test_update_member_invalid_portion_size" time="0.473" /><testcase classname="tests.api.test_household_validation" name="test_update_member_invalid_role" time="0.559" /><testcase classname="tests.api.test_household_validation" name="test_create_rule_invalid_target_type" time="0.515" /><testcase classname="tests.api.test_household_validation" name="test_create_rule_invalid_action" time="0.509" /><testcase classname="tests.api.test_household_validation" name="test_create_rule_frequency_count_too_low" time="0.511" /><testcase classname="tests.api.test_household_validation" name="test_create_rule_frequency_count_too_high" time="0.453" /><testcase classname="tests.api.test_household_validation" name="test_create_rule_empty_target_name" time="0.364" /><testcase classname="tests.api.test_household_validation" name="test_create_rule_invalid_meal_slot" time="0.430" /><testcase classname="tests.api.test_household_validation" name="test_stats_invalid_month" time="0.431" /><testcase classname="tests.api.test_household_validation" name="test_stats_invalid_year" time="0.397" /><testcase classname="tests.api.test_household_validation" name="test_stats_missing_params" time="0.377" /><testcase classname="tests.api.test_household_validation" name="test_list_members_includes_left_members" time="0.402" /><testcase classname="tests.api.test_household_validation" name="test_update_meal_item_invalid_status" time="0.338" /><testcase classname="tests.api.test_meal_plans_api" name="test_generate_meal_plan_success" time="0.517" /><testcase classname="tests.api.test_meal_plans_api" name="test_generate_deactivates_old_plans" time="0.379" /><testcase classname="tests.api.test_meal_plans_api" name="test_generate_invalid_date_fallback" time="0.406" /><testcase classname="tests.api.test_meal_plans_api" name="test_generate_timeout_returns_504" time="0.428" /><testcase classname="tests.api.test_meal_plans_api" name="test_generate_succeeds_when_recipe_creation_fails" time="0.404" /><testcase classname="tests.api.test_meal_plans_api" name="test_generate_unauthorized" time="0.385" /><testcase classname="tests.api.test_meal_plans_api" name="test_get_current_plan" time="0.495" /><testcase classname="tests.api.test_meal_plans_api" name="test_get_current_plan_not_found" time="0.472" /><testcase classname="tests.api.test_meal_plans_api" name="test_get_current_unauthorized" time="0.428" /><testcase classname="tests.api.test_meal_plans_api" name="test_get_plan_by_id" time="0.436" /><testcase classname="tests.api.test_meal_plans_api" name="test_get_plan_by_id_not_found" time="0.375" /><testcase classname="tests.api.test_meal_plans_api" name="test_get_plan_by_id_wrong_user" time="0.431" /><testcase classname="tests.api.test_meal_plans_api" name="test_get_plan_unauthorized" time="0.461" /><testcase classname="tests.api.test_meal_plans_api" name="test_swap_item_with_specific_recipe" time="0.478" /><testcase classname="tests.api.test_meal_plans_api" name="test_swap_item_random_recipe" time="0.377" /><testcase classname="tests.api.test_meal_plans_api" name="test_swap_item_locked_fails" time="0.249" /><testcase classname="tests.api.test_meal_plans_api" name="test_swap_item_not_found" time="0.225" /><testcase classname="tests.api.test_meal_plans_api" name="test_swap_item_wrong_user" time="0.207" /><testcase classname="tests.api.test_meal_plans_api" name="test_swap_unauthorized" time="0.196" /><testcase classname="tests.api.test_meal_plans_api" name="test_lock_item" time="0.209" /><testcase classname="tests.api.test_meal_plans_api" name="test_unlock_item" time="0.197" /><testcase classname="tests.api.test_meal_plans_api" name="test_lock_item_not_found" time="0.190" /><testcase classname="tests.api.test_meal_plans_api" name="test_lock_unauthorized" time="0.183" /><testcase classname="tests.api.test_meal_plans_api" name="test_remove_item" time="0.200" /><testcase classname="tests.api.test_meal_plans_api" name="test_remove_locked_item_fails" time="0.216" /><testcase classname="tests.api.test_meal_plans_api" name="test_remove_item_not_found" time="0.197" /><testcase classname="tests.api.test_meal_plans_api" name="test_remove_unauthorized" time="0.193" /><testcase classname="tests.api.test_notification_api" name="test_get_notifications_unauthorized" time="0.200" /><testcase classname="tests.api.test_notification_api" name="test_get_notifications_empty" time="0.196" /><testcase classname="tests.api.test_notification_api" name="test_get_notifications_with_data" time="0.194" /><testcase classname="tests.api.test_notification_api" name="test_mark_notification_as_read_unauthorized" time="0.198" /><testcase classname="tests.api.test_notification_api" name="test_mark_notification_as_read_not_found" time="0.214" /><testcase classname="tests.api.test_notification_api" name="test_mark_all_notifications_as_read" time="0.208" /><testcase classname="tests.api.test_notification_api" name="test_delete_notification_unauthorized" time="0.213" /><testcase classname="tests.api.test_notification_api" name="test_delete_notification_not_found" time="0.197" /><testcase classname="tests.api.test_notification_api" name="test_register_fcm_token" time="0.221" /><testcase classname="tests.api.test_notification_api" name="test_register_fcm_token_unauthorized" time="0.210" /><testcase classname="tests.api.test_notification_api" name="test_unregister_fcm_token" time="0.202" /><testcase classname="tests.api.test_notification_api" name="test_unregister_fcm_token_unauthenticated" time="0.192" /><testcase classname="tests.api.test_notification_api" name="test_register_fcm_token_idempotent" time="0.216" /><testcase classname="tests.api.test_notification_api" name="test_unregister_nonexistent_fcm_token" time="0.222" /><testcase classname="tests.api.test_nutrition_goals_api" name="test_get_nutrition_goals_unauthorized" time="0.196" /><testcase classname="tests.api.test_nutrition_goals_api" name="test_create_nutrition_goal_unauthorized" time="0.196" /><testcase classname="tests.api.test_nutrition_goals_api" name="test_get_nutrition_goals_empty" time="0.210" /><testcase classname="tests.api.test_nutrition_goals_api" name="test_create_nutrition_goal_green_leafy" time="0.222" /><testcase classname="tests.api.test_nutrition_goals_api" name="test_create_nutrition_goal_high_protein" time="0.229" /><testcase classname="tests.api.test_nutrition_goals_api" name="test_create_nutrition_goal_all_eight_categories" time="0.248" /><testcase classname="tests.api.test_nutrition_goals_api" name="test_get_single_nutrition_goal" time="0.207" /><testcase classname="tests.api.test_nutrition_goals_api" name="test_get_nonexistent_nutrition_goal_404" time="0.181" /><testcase classname="tests.api.test_nutrition_goals_api" name="test_update_nutrition_goal_weekly_target" time="0.216" /><testcase classname="tests.api.test_nutrition_goals_api" name="test_update_nutrition_goal_toggle_enforcement" time="0.248" /><testcase classname="tests.api.test_nutrition_goals_api" name="test_update_nutrition_goal_toggle_active" time="0.199" /><testcase classname="tests.api.test_nutrition_goals_api" name="test_update_nutrition_goal_progress" time="0.227" /><testcase classname="tests.api.test_nutrition_goals_api" name="test_update_nutrition_goal_progress_reset" time="0.186" /><testcase classname="tests.api.test_nutrition_goals_api" name="test_delete_nutrition_goal" time="0.234" /><testcase classname="tests.api.test_nutrition_goals_api" name="test_delete_nonexistent_nutrition_goal_404" time="0.208" /><testcase classname="tests.api.test_nutrition_goals_api" name="test_create_duplicate_category_returns_409" time="0.237" /><testcase classname="tests.api.test_nutrition_goals_api" name="test_weekly_target_boundary_min_1" time="0.328" /><testcase classname="tests.api.test_nutrition_goals_api" name="test_weekly_target_boundary_max_14" time="0.397" /><testcase classname="tests.api.test_nutrition_goals_api" name="test_weekly_target_exceeds_max_rejected" time="0.423" /><testcase classname="tests.api.test_photos_api" name="test_analyze_photo_success" time="0.505" /><testcase classname="tests.api.test_photos_api" name="test_analyze_photo_png_success" time="0.657" /><testcase classname="tests.api.test_photos_api" name="test_analyze_photo_response_structure" time="0.484" /><testcase classname="tests.api.test_photos_api" name="test_analyze_photo_unauthenticated" time="0.466" /><testcase classname="tests.api.test_photos_api" name="test_analyze_photo_invalid_file_type" time="0.423" /><testcase classname="tests.api.test_photos_api" name="test_analyze_photo_empty_file" time="0.341" /><testcase classname="tests.api.test_photos_api" name="test_analyze_photo_oversized" time="0.541" /><testcase classname="tests.api.test_photos_api" name="test_analyze_photo_invalid_magic_bytes" time="0.413" /><testcase classname="tests.api.test_photos_api" name="test_analyze_photo_gemini_error" time="0.350" /><testcase classname="tests.api.test_photos_api" name="test_analyze_photo_gemini_timeout" time="0.360" /><testcase classname="tests.api.test_photos_api" name="test_analyze_photo_gemini_not_configured" time="0.347" /><testcase classname="tests.api.test_photos_api" name="test_analyze_photo_gemini_parse_error" time="0.279" /><testcase classname="tests.api.test_photos_api" name="test_analyze_photo_identifies_indian_food" time="0.437" /><testcase classname="tests.api.test_photos_api" name="test_analyze_photo_returns_ingredients_list" time="0.472" /><testcase classname="tests.api.test_photos_api" name="test_analyze_photo_returns_cuisine_type" time="0.487" /><testcase classname="tests.api.test_photos_api" name="test_analyze_photo_returns_meal_type" time="0.482" /><testcase classname="tests.api.test_photos_api" name="test_analyze_photo_multiple_foods" time="0.472" /><testcase classname="tests.api.test_photos_api" name="test_analyze_photo_no_food_detected" time="0.406" /><testcase classname="tests.api.test_photos_api" name="test_analyze_photo_passes_correct_mime_type" time="0.460" /><testcase classname="tests.api.test_photos_api" name="test_analyze_photo_passes_image_data_to_service" time="0.502" /><testcase classname="tests.api.test_rate_limits.TestAuthRateLimits" name="test_firebase_auth_has_rate_limit" time="0.006" /><testcase classname="tests.api.test_rate_limits.TestAuthRateLimits" name="test_refresh_token_has_rate_limit" time="0.006" /><testcase classname="tests.api.test_rate_limits.TestChatRateLimits" name="test_send_message_has_rate_limit" time="0.007" /><testcase classname="tests.api.test_rate_limits.TestChatRateLimits" name="test_send_image_has_rate_limit" time="0.005" /><testcase classname="tests.api.test_rate_limits.TestPhotoRateLimits" name="test_analyze_photo_has_rate_limit" time="0.007" /><testcase classname="tests.api.test_rate_limits.TestMealPlanRateLimits" name="test_generate_has_rate_limit" time="0.005" /><testcase classname="tests.api.test_rate_limits.TestHouseholdRateLimits" name="test_join_household_has_rate_limit" time="0.006" /><testcase classname="tests.api.test_rate_limits.TestHouseholdRateLimits" name="test_add_member_has_rate_limit" time="0.005" /><testcase classname="tests.api.test_rate_limits" name="test_rate_limit_exception_handler_registered" time="0.492" /><testcase classname="tests.api.test_recipe_creation_service" name="test_create_recipe_new" time="0.473" /><testcase classname="tests.api.test_recipe_creation_service" name="test_create_recipe_finds_existing" time="0.388" /><testcase classname="tests.api.test_recipe_creation_service" name="test_create_recipe_with_instructions" time="0.340" /><testcase classname="tests.api.test_recipe_creation_service" name="test_create_recipe_without_instructions" time="0.232" /><testcase classname="tests.api.test_recipe_creation_service" name="test_create_recipes_for_meal_plan" time="0.268" /><testcase classname="tests.api.test_recipe_creation_service" name="test_deduplication_same_name" time="0.228" /><testcase classname="tests.api.test_recipe_creation_service" name="test_recipe_fully_populated" time="0.228" /><testcase classname="tests.api.test_recipe_rating" name="test_rate_recipe_success" time="0.241" /><testcase classname="tests.api.test_recipe_rating" name="test_rate_recipe_with_feedback" time="0.222" /><testcase classname="tests.api.test_recipe_rating" name="test_rate_recipe_update_existing" time="0.229" /><testcase classname="tests.api.test_recipe_rating" name="test_rate_recipe_minimum_rating" time="0.236" /><testcase classname="tests.api.test_recipe_rating" name="test_rate_recipe_maximum_rating" time="0.210" /><testcase classname="tests.api.test_recipe_rating" name="test_rate_recipe_invalid_rating_too_low" time="0.152" /><testcase classname="tests.api.test_recipe_rating" name="test_rate_recipe_invalid_rating_too_high" time="0.147" /><testcase classname="tests.api.test_recipe_rating" name="test_rate_recipe_missing_rating" time="0.136" /><testcase classname="tests.api.test_recipe_rating" name="test_rate_recipe_not_found" time="0.141" /><testcase classname="tests.api.test_recipe_rating" name="test_rate_recipe_invalid_id" time="0.134" /><testcase classname="tests.api.test_recipe_rating" name="test_rate_recipe_unauthenticated" time="0.168" /><testcase classname="tests.api.test_recipe_rules_api" name="test_get_recipe_rules_unauthorized" time="0.128" /><testcase classname="tests.api.test_recipe_rules_api" name="test_get_recipe_rules_empty" time="0.204" /><testcase classname="tests.api.test_recipe_rules_api" name="test_create_recipe_rule" time="0.152" /><testcase classname="tests.api.test_recipe_rules_api" name="test_create_rule_returns_force_override_field" time="0.152" /><testcase classname="tests.api.test_recipe_rules_api" name="test_create_rule_409_conflict_structure" time="0.145" /><testcase classname="tests.api.test_recipe_rules_api" name="test_create_recipe_rule_exclude" time="0.217" /><testcase classname="tests.api.test_recipe_rules_api" name="test_create_rule_times_per_week" time="0.180" /><testcase classname="tests.api.test_recipe_rules_api" name="test_create_rule_specific_days" time="0.142" /><testcase classname="tests.api.test_recipe_rules_api" name="test_get_recipe_rules_list" time="0.164" /><testcase classname="tests.api.test_recipe_rules_api" name="test_get_single_rule" time="0.169" /><testcase classname="tests.api.test_recipe_rules_api" name="test_get_nonexistent_rule" time="0.159" /><testcase classname="tests.api.test_recipe_rules_api" name="test_update_recipe_rule" time="0.182" /><testcase classname="tests.api.test_recipe_rules_api" name="test_delete_recipe_rule" time="0.215" /><testcase classname="tests.api.test_recipe_rules_api" name="test_get_nutrition_goals_unauthorized" time="0.291" /><testcase classname="tests.api.test_recipe_rules_api" name="test_get_nutrition_goals_empty" time="0.295" /><testcase classname="tests.api.test_recipe_rules_api" name="test_create_nutrition_goal" time="0.335" /><testcase classname="tests.api.test_recipe_rules_api" name="test_create_duplicate_category_fails" time="0.343" /><testcase classname="tests.api.test_recipe_rules_api" name="test_update_nutrition_goal" time="0.354" /><testcase classname="tests.api.test_recipe_rules_api" name="test_delete_nutrition_goal" time="0.313" /><testcase classname="tests.api.test_recipe_rules_api" name="test_sync_empty" time="0.276" /><testcase classname="tests.api.test_recipe_rules_api" name="test_sync_new_rule" time="0.323" /><testcase classname="tests.api.test_recipe_rules_api" name="test_sync_conflict_server_wins" time="0.163" /><testcase classname="tests.api.test_recipe_rules_dedup" name="test_create_duplicate_rule_returns_409" time="0.168" /><testcase classname="tests.api.test_recipe_rules_dedup" name="test_create_duplicate_case_insensitive" time="0.163" /><testcase classname="tests.api.test_recipe_rules_dedup" name="test_case_normalization_stores_uppercase" time="0.144" /><testcase classname="tests.api.test_recipe_rules_dedup" name="test_different_meal_slot_not_duplicate" time="0.175" /><testcase classname="tests.api.test_recipe_rules_dedup" name="test_different_action_not_duplicate" time="0.159" /><testcase classname="tests.api.test_recipe_rules_lifecycle" name="test_update_rule_change_frequency_type" time="0.154" /><testcase classname="tests.api.test_recipe_rules_lifecycle" name="test_update_rule_change_frequency_count" time="0.156" /><testcase classname="tests.api.test_recipe_rules_lifecycle" name="test_update_rule_change_enforcement" time="0.157" /><testcase classname="tests.api.test_recipe_rules_lifecycle" name="test_update_rule_change_meal_slot" time="0.131" /><testcase classname="tests.api.test_recipe_rules_lifecycle" name="test_update_rule_toggle_active" time="0.160" /><testcase classname="tests.api.test_recipe_rules_lifecycle" name="test_update_rule_change_multiple_fields_at_once" time="0.158" /><testcase classname="tests.api.test_recipe_rules_lifecycle" name="test_create_rule_meal_slot_case_normalized" time="0.135" /><testcase classname="tests.api.test_recipe_rules_lifecycle" name="test_update_rule_meal_slot_case_normalized" time="0.170" /><testcase classname="tests.api.test_recipe_rules_lifecycle" name="test_update_rule_partial_only_name" time="0.155" /><testcase classname="tests.api.test_recipe_rules_lifecycle" name="test_update_rule_partial_only_active" time="0.153" /><testcase classname="tests.api.test_recipe_rules_lifecycle" name="test_user_b_cannot_see_user_a_rules" time="0.157" /><testcase classname="tests.api.test_recipe_rules_lifecycle" name="test_user_b_cannot_update_user_a_rules" time="0.226" /><testcase classname="tests.api.test_recipe_rules_lifecycle" name="test_user_b_cannot_delete_user_a_rules" time="0.231" /><testcase classname="tests.api.test_recipe_rules_lifecycle" name="test_rules_ordered_by_created_at_desc" time="0.222" /><testcase classname="tests.api.test_recipe_rules_lifecycle" name="test_goals_ordered_by_created_at_desc" time="0.164" /><testcase classname="tests.api.test_recipe_rules_sync" name="test_sync_empty_both_directions" time="0.144" /><testcase classname="tests.api.test_recipe_rules_sync" name="test_sync_new_rule_from_client" time="0.171" /><testcase classname="tests.api.test_recipe_rules_sync" name="test_sync_new_goal_from_client" time="0.151" /><testcase classname="tests.api.test_recipe_rules_sync" name="test_sync_conflict_server_wins_older_client_timestamp" time="0.147" /><testcase classname="tests.api.test_recipe_rules_sync" name="test_sync_conflict_client_wins_newer_client_timestamp" time="0.189" /><testcase classname="tests.api.test_recipe_rules_sync" name="test_sync_goal_conflict_server_wins" time="0.133" /><testcase classname="tests.api.test_recipe_rules_sync" name="test_sync_goal_conflict_client_wins" time="0.193" /><testcase classname="tests.api.test_recipe_rules_sync" name="test_sync_batch_five_rules" time="0.175" /><testcase classname="tests.api.test_recipe_rules_sync" name="test_sync_batch_three_goals" time="0.267" /><testcase classname="tests.api.test_recipe_rules_sync" name="test_sync_batch_mixed_rules_and_goals" time="0.333" /><testcase classname="tests.api.test_recipe_rules_sync" name="test_sync_large_batch_ten_rules" time="0.374" /><testcase classname="tests.api.test_recipe_rules_sync" name="test_sync_duplicate_rule_in_batch" time="0.356" /><testcase classname="tests.api.test_recipe_rules_sync" name="test_sync_with_last_sync_time_filters" time="0.328" /><testcase classname="tests.api.test_recipe_rules_sync" name="test_sync_returns_all_server_rules" time="0.265" /><testcase classname="tests.api.test_recipe_rules_sync" name="test_sync_timezone_aware_comparison" time="0.290" /><testcase classname="tests.api.test_recipe_search" name="test_search_chai_returns_results" time="0.327" /><testcase classname="tests.api.test_recipe_search" name="test_search_case_insensitive" time="0.357" /><testcase classname="tests.api.test_recipe_search" name="test_search_partial_match" time="0.307" /><testcase classname="tests.api.test_recipe_search" name="test_search_empty_query_returns_all" time="0.300" /><testcase classname="tests.api.test_recipe_search" name="test_search_no_results" time="0.260" /><testcase classname="tests.api.test_recipe_search" name="test_search_with_cuisine_filter" time="0.306" /><testcase classname="tests.api.test_recipe_search" name="test_search_with_meal_type_filter" time="0.325" /><testcase classname="tests.api.test_recipe_search" name="test_search_pagination" time="0.596" /><testcase classname="tests.api.test_recipe_search" name="test_search_requires_authentication" time="0.291" /><testcase classname="tests.api.test_recipe_search" name="test_search_response_structure" time="0.260" /><testcase classname="tests.api.test_recipes_api" name="test_ai_catalog_search_basic" time="0.279" /><testcase classname="tests.api.test_recipes_api" name="test_ai_catalog_search_dietary_filter" time="0.291" /><testcase classname="tests.api.test_recipes_api" name="test_ai_catalog_search_favorites_first" time="0.283" /><testcase classname="tests.api.test_recipes_api" name="test_ai_catalog_search_limit" time="0.287" /><testcase classname="tests.api.test_recipes_api" name="test_ai_catalog_search_empty_query" time="0.266" /><testcase classname="tests.api.test_recipes_api" name="test_ai_catalog_unauthorized" time="0.252" /><testcase classname="tests.api.test_recipes_api" name="test_get_recipe_by_id" time="0.683" /><testcase classname="tests.api.test_recipes_api" name="test_get_recipe_not_found" time="0.795" /><testcase classname="tests.api.test_recipes_api" name="test_get_recipe_unauthorized" time="0.809" /><testcase classname="tests.api.test_recipes_api" name="test_scale_recipe_up" time="0.871" /><testcase classname="tests.api.test_recipes_api" name="test_scale_recipe_down" time="0.827" /><testcase classname="tests.api.test_recipes_api" name="test_scale_recipe_not_found" time="0.745" /><testcase classname="tests.api.test_recipes_api" name="test_scale_recipe_unauthorized" time="0.735" /><testcase classname="tests.api.test_scoped_endpoints" name="test_stats_personal_scope" time="0.716" /><testcase classname="tests.api.test_scoped_endpoints" name="test_stats_family_scope_no_household" time="0.744" /><testcase classname="tests.api.test_scoped_endpoints" name="test_grocery_personal_scope" time="0.751" /><testcase classname="tests.api.test_scoped_endpoints" name="test_grocery_family_scope_no_household" time="0.740" /><testcase classname="tests.api.test_scoped_endpoints" name="test_recipe_rules_personal_scope" time="0.811" /><testcase classname="tests.api.test_scoped_endpoints" name="test_recipe_rules_family_scope_no_household" time="0.727" /><testcase classname="tests.api.test_security_middleware.TestSecurityHeaders" name="test_health_has_security_headers" time="21.654" /><testcase classname="tests.api.test_security_middleware.TestSecurityHeaders" name="test_api_version_header" time="21.429" /><testcase classname="tests.api.test_security_middleware.TestSecurityHeaders" name="test_api_endpoint_has_security_headers" time="0.227" /><testcase classname="tests.api.test_security_middleware.TestImageValidation" name="test_photos_rejects_non_image" time="0.205" /><testcase classname="tests.api.test_security_middleware.TestImageValidation" name="test_photos_rejects_oversized" time="0.254" /><testcase classname="tests.api.test_stats_api" name="test_get_streak_with_data" time="0.236" /><testcase classname="tests.api.test_stats_api" name="test_get_streak_no_data" time="0.279" /><testcase classname="tests.api.test_stats_api" name="test_get_streak_days_this_week" time="0.340" /><testcase classname="tests.api.test_stats_api" name="test_get_streak_unauthorized" time="0.348" /><testcase classname="tests.api.test_stats_api" name="test_monthly_stats_valid_month" time="0.428" /><testcase classname="tests.api.test_stats_api" name="test_monthly_stats_with_cooking_days" time="0.390" /><testcase classname="tests.api.test_stats_api" name="test_monthly_stats_with_achievements" time="0.386" /><testcase classname="tests.api.test_stats_api" name="test_monthly_stats_no_data" time="0.381" /><testcase classname="tests.api.test_stats_api" name="test_monthly_stats_invalid_format" time="0.363" /><testcase classname="tests.api.test_stats_api" name="test_monthly_stats_unauthorized" time="0.342" /><testcase classname="tests.api.test_unicode_handling" name="test_search_recipes_hindi_name" time="0.363" /><testcase classname="tests.api.test_unicode_handling" name="test_search_recipes_hindi_description" time="0.282" /><testcase classname="tests.api.test_unicode_handling" name="test_search_recipes_mixed_unicode" time="0.258" /><testcase classname="tests.api.test_unicode_handling" name="test_search_recipes_devanagari_digits" time="0.283" /><testcase classname="tests.api.test_unicode_handling" name="test_search_recipes_emoji" time="0.208" /><testcase classname="tests.api.test_unicode_handling" name="test_search_recipes_special_chars" time="0.240" /><testcase classname="tests.api.test_unicode_handling" name="test_search_empty_string" time="0.225" /><testcase classname="tests.api.test_unicode_handling" name="test_search_very_long_string" time="0.233" /><testcase classname="tests.api.test_unicode_handling" name="test_create_family_member_hindi_name" time="0.215" /><testcase classname="tests.api.test_unicode_handling" name="test_create_family_member_emoji_name" time="0.198" /><testcase classname="tests.api.test_unicode_handling" name="test_create_family_member_mixed_script_name" time="0.210" /><testcase classname="tests.api.test_unicode_handling" name="test_create_recipe_rule_hindi_target" time="0.245" /><testcase classname="tests.api.test_unicode_handling" name="test_create_recipe_rule_special_chars_target" time="0.328" /><testcase classname="tests.api.test_unicode_handling" name="test_recipe_rule_duplicate_check_hindi" time="0.367" /><testcase classname="tests.api.test_unicode_handling" name="test_ai_catalog_search_hindi" time="0.410" /><testcase classname="tests.api.test_unicode_handling" name="test_ai_catalog_search_emoji" time="0.416" /><testcase classname="tests.api.test_users_api" name="test_get_current_user_with_preferences" time="0.491" /><testcase classname="tests.api.test_users_api" name="test_get_current_user_no_preferences" time="0.283" /><testcase classname="tests.api.test_users_api" name="test_get_current_user_unauthorized" time="0.354" /><testcase classname="tests.api.test_users_api" name="test_update_preferences_first_time" time="0.401" /><testcase classname="tests.api.test_users_api" name="test_update_preferences_existing" time="0.306" /><testcase classname="tests.api.test_users_api" name="test_update_preferences_primary_diet_mapping" time="0.284" /><testcase classname="tests.api.test_users_api" name="test_update_preferences_busy_days" time="0.291" /><testcase classname="tests.api.test_users_api" name="test_update_preferences_cooking_times" time="0.378" /><testcase classname="tests.api.test_users_api" name="test_update_preferences_marks_onboarded" time="0.525" /><testcase classname="tests.api.test_users_api" name="test_update_preferences_unauthorized" time="0.430" /><testcase classname="tests.integration.test_auth_merge" name="test_merge_firebase_uid_on_same_email" time="0.440" /><testcase classname="tests.integration.test_auth_merge" name="test_merge_preserves_user_data" time="0.426" /><testcase classname="tests.integration.test_auth_merge" name="test_merge_updates_firebase_uid_in_db" time="0.392" /><testcase classname="tests.integration.test_auth_merge" name="test_new_user_still_creates_normally" time="0.476" /><testcase classname="tests.integration.test_auth_merge" name="test_same_firebase_uid_returns_existing" time="0.512" /><testcase classname="tests.integration.test_email_uniqueness" name="test_new_user_email_stored_lowercase" time="0.591" /><testcase classname="tests.integration.test_email_uniqueness" name="test_duplicate_email_different_firebase_uid_merges" time="0.538" /><testcase classname="tests.integration.test_email_uniqueness" name="test_duplicate_email_case_insensitive_merges" time="0.645" /><testcase classname="tests.integration.test_email_uniqueness" name="test_null_email_allows_multiple_users" time="0.608" /><testcase classname="tests.integration.test_email_uniqueness" name="test_existing_user_same_firebase_uid_no_conflict" time="0.517" /><testcase classname="tests.integration.test_email_uniqueness" name="test_fake_firebase_token_uses_test_email" time="0.477" /><testcase classname="tests.integration.test_email_uniqueness" name="test_merge_preserves_original_user_id" time="0.386" /><testcase classname="tests.integration.test_migrate_legacy_rules" name="test_map_frequency_to_new_format_daily" time="0.005" /><testcase classname="tests.integration.test_migrate_legacy_rules" name="test_map_frequency_to_new_format_weekly" time="0.005" /><testcase classname="tests.integration.test_migrate_legacy_rules" name="test_map_frequency_to_new_format_times_per_week" time="0.005" /><testcase classname="tests.integration.test_migrate_legacy_rules" name="test_map_frequency_to_new_format_never" time="0.005" /><testcase classname="tests.integration.test_migrate_legacy_rules" name="test_migrate_user_rules_success" time="0.516" /><testcase classname="tests.integration.test_migrate_legacy_rules" name="test_migrate_user_rules_no_legacy_rules" time="0.528" /><testcase classname="tests.integration.test_migrate_legacy_rules" name="test_migrate_user_rules_idempotent" time="0.489" /><testcase classname="tests.integration.test_migrate_legacy_rules" name="test_migrate_all_users" time="0.294" /><testcase classname="tests.integration.test_migrate_legacy_rules" name="test_migrate_user_rules_preserves_meal_slot" time="0.301" /><testcase classname="tests.integration.test_migrate_legacy_rules" name="test_migrate_user_rules_inactive_rule" time="0.003" /><testcase classname="tests.integration.test_migrate_legacy_rules" name="test_migration_stats_calculations" time="0.003" /><testcase classname="tests.integration.test_recipe_rule_enforcement.TestIncludeRuleAppearsInPrompt" name="test_include_rule_appears_in_generation_prompt" time="21.396" /><testcase classname="tests.integration.test_recipe_rule_enforcement.TestExcludeRuleRemovesFromResult" name="test_exclude_rule_removes_from_result" time="0.006" /><testcase classname="tests.integration.test_recipe_rule_enforcement.TestExcludeRuleRemovesFromResult" name="test_exclude_specific_days_only_removes_on_those_days" time="0.007" /><testcase classname="tests.integration.test_recipe_rule_enforcement.TestFastingDayExcludesAvoidedFoods" name="test_fasting_day_excludes_avoided_foods" time="0.009" /><testcase classname="tests.integration.test_recipe_rule_enforcement.TestFastingDayExcludesAvoidedFoods" name="test_fasting_default_exclusions_remove_grain_and_onion" time="0.007" /><testcase classname="tests.integration.test_recipe_rule_enforcement.TestMultipleRulesAppliedTogether" name="test_multiple_rules_applied_together" time="0.008" /><testcase classname="tests.integration.test_recipe_rule_enforcement.TestAllergenStrictModeRemovesAllergens" name="test_allergen_removes_peanut_items" time="0.008" /><testcase classname="tests.integration.test_recipe_rule_enforcement.TestAllergenStrictModeRemovesAllergens" name="test_allergen_dairy_removes_paneer_and_curd" time="0.010" /><testcase classname="tests.integration.test_recipe_rule_enforcement.TestAllergenStrictModeRemovesAllergens" name="test_allergen_string_format_also_works" time="0.007" /><testcase classname="tests.integration.test_recipe_rule_enforcement.TestIncludeRuleFrequencyRespected" name="test_rule_with_frequency_respected" time="0.516" /><testcase classname="tests.integration.test_recipe_rule_enforcement.TestIncludeRuleFrequencyRespected" name="test_include_daily_frequency_in_prompt" time="0.548" /><testcase classname="tests.integration.test_recipe_rule_enforcement.TestExcludeRuleAppearsInPrompt" name="test_exclude_rule_appears_in_prompt" time="0.596" /><testcase classname="tests.integration.test_sharma_recipe_rules" name="test_sharma_create_chai_breakfast_rule" time="0.503" /><testcase classname="tests.integration.test_sharma_recipe_rules" name="test_sharma_create_chai_snacks_rule" time="0.528" /><testcase classname="tests.integration.test_sharma_recipe_rules" name="test_sharma_create_moringa_rule" time="0.541" /><testcase classname="tests.integration.test_sharma_recipe_rules" name="test_sharma_create_paneer_exclude_rule" time="0.479" /><testcase classname="tests.integration.test_sharma_recipe_rules" name="test_sharma_create_eggs_rule" time="0.515" /><testcase classname="tests.integration.test_sharma_recipe_rules" name="test_sharma_create_chicken_rule" time="0.481" /><testcase classname="tests.integration.test_sharma_recipe_rules" name="test_sharma_create_green_leafy_goal" time="0.455" /><testcase classname="tests.integration.test_sharma_recipe_rules" name="test_sharma_all_rules_listed" time="0.524" /><testcase classname="tests.integration.test_sharma_recipe_rules" name="test_sharma_delete_and_recreate_rule" time="0.482" /><testcase classname="tests.integration.test_sharma_recipe_rules" name="test_sharma_rule_fields_match" time="0.469" /><testcase classname="tests.integration.test_sharma_recipe_rules" name="test_sharma_nutrition_goal_fields_match" time="0.437" /><testcase classname="tests.integration.test_sharma_recipe_rules" name="test_sharma_duplicate_nutrition_goal_rejected" time="0.517" /><testcase classname="tests.integration.test_sharma_recipe_rules" name="test_sharma_onboarding_preferences_roundtrip" time="0.590" /><testcase classname="tests.integration.test_swap_grocery_flow" name="test_swap_meal_updates_grocery_list" time="0.652" /><testcase classname="tests.integration.test_swap_grocery_flow" name="test_grocery_list_reflects_current_plan" time="0.498" /><testcase classname="tests.integration.test_swap_grocery_flow" name="test_swap_does_not_affect_unswapped_items" time="0.561" /><testcase classname="tests.integration.test_swap_grocery_flow" name="test_swap_back_to_original_restores_grocery" time="0.675" /><testcase classname="tests.services.test_achievement_earning.TestAchievementEarning" name="test_first_meal_achievement_granted" time="0.444" /><testcase classname="tests.services.test_achievement_earning.TestAchievementEarning" name="test_multiple_achievements_granted" time="0.376" /><testcase classname="tests.services.test_achievement_earning.TestAchievementEarning" name="test_already_unlocked_not_duplicated" time="0.514" /><testcase classname="tests.services.test_achievement_earning.TestAchievementEarning" name="test_streak_achievement_granted" time="0.453" /><testcase classname="tests.services.test_achievement_earning.TestAchievementEarning" name="test_no_achievements_when_below_threshold" time="0.950" /><testcase classname="tests.services.test_achievement_earning.TestAchievementEarning" name="test_achievement_notification_called" time="0.556" /><testcase classname="tests.services.test_achievement_earning.TestAchievementEarning" name="test_10_meals_requires_10_not_less" time="0.552" /><testcase classname="tests.services.test_achievement_earning.TestAchievementEarning" name="test_7_day_streak_achievement" time="0.516" /><testcase classname="tests.services.test_ai_meal_service.TestPromptBuilding" name="test_build_prompt_includes_dietary_tags" time="0.006" /><testcase classname="tests.services.test_ai_meal_service.TestPromptBuilding" name="test_build_prompt_includes_allergies" time="0.006" /><testcase classname="tests.services.test_ai_meal_service.TestPromptBuilding" name="test_build_prompt_includes_include_rules" time="0.007" /><testcase classname="tests.services.test_ai_meal_service.TestPromptBuilding" name="test_build_prompt_includes_exclude_rules" time="0.006" /><testcase classname="tests.services.test_ai_meal_service.TestPromptBuilding" name="test_build_prompt_includes_festivals" time="0.006" /><testcase classname="tests.services.test_ai_meal_service.TestPromptBuilding" name="test_build_prompt_includes_cooking_times" time="0.007" /><testcase classname="tests.services.test_ai_meal_service.TestPromptBuilding" name="test_build_prompt_includes_cuisine_preferences" time="0.006" /><testcase classname="tests.services.test_ai_meal_service.TestResponseParsing" name="test_parse_valid_response" time="0.007" /><testcase classname="tests.services.test_ai_meal_service.TestResponseParsing" name="test_parse_response_creates_meal_items" time="0.007" /><testcase classname="tests.services.test_ai_meal_service.TestResponseParsing" name="test_parse_response_assigns_ids" time="0.007" /><testcase classname="tests.services.test_ai_meal_service.TestValidation" name="test_validate_valid_response" time="0.006" /><testcase classname="tests.services.test_ai_meal_service.TestValidation" name="test_validate_missing_days" time="0.005" /><testcase classname="tests.services.test_ai_meal_service.TestValidation" name="test_validate_wrong_day_count" time="0.005" /><testcase classname="tests.services.test_ai_meal_service.TestValidation" name="test_validate_missing_meal_slot" time="0.005" /><testcase classname="tests.services.test_ai_meal_service.TestValidation" name="test_validate_insufficient_items" time="0.005" /><testcase classname="tests.services.test_ai_meal_service.TestEnforcement" name="test_enforce_removes_allergens" time="0.008" /><testcase classname="tests.services.test_ai_meal_service.TestEnforcement" name="test_enforce_removes_excluded_items_on_specific_days" time="0.007" /><testcase classname="tests.services.test_ai_meal_service.TestEnforcement" name="test_enforce_keeps_excluded_items_on_other_days" time="0.007" /><testcase classname="tests.services.test_ai_meal_service.TestEnforcement" name="test_enforce_removes_never_excluded_items" time="0.006" /><testcase classname="tests.services.test_ai_meal_service.TestIntegration" name="test_generate_meal_plan_success" time="0.012" /><testcase classname="tests.services.test_ai_meal_service.TestIntegration" name="test_generate_meal_plan_retries_on_failure" time="0.014" /><testcase classname="tests.services.test_ai_meal_service.TestIntegration" name="test_generate_meal_plan_fails_after_max_retries" time="0.011" /><testcase classname="tests.services.test_ai_meal_service" name="test_enforce_rules_does_not_remove_unsweetened_items" time="0.009" /><testcase classname="tests.services.test_ai_meal_service" name="test_enforce_rules_still_removes_actual_sweets" time="0.008" /><testcase classname="tests.services.test_ai_meal_service" name="test_meal_plan_schema_is_enabled" time="0.005" /><testcase classname="tests.services.test_chat_integration.TestToolDefinitions" name="test_all_tools_present" time="0.005" /><testcase classname="tests.services.test_chat_integration.TestToolDefinitions" name="test_tool_schemas_valid" time="0.005" /><testcase classname="tests.services.test_chat_integration.TestToolDefinitions" name="test_update_recipe_rule_schema" time="0.005" /><testcase classname="tests.services.test_chat_integration.TestToolDefinitions" name="test_system_prompt_contains_key_info" time="0.005" /><testcase classname="tests.services.test_chat_integration.TestFormatConfigForDisplay" name="test_format_empty_config" time="0.004" /><testcase classname="tests.services.test_chat_integration.TestFormatConfigForDisplay" name="test_format_include_rules" time="0.005" /><testcase classname="tests.services.test_chat_integration.TestFormatConfigForDisplay" name="test_format_exclude_rules" time="0.005" /><testcase classname="tests.services.test_chat_integration.TestFormatConfigForDisplay" name="test_format_allergies" time="0.004" /><testcase classname="tests.services.test_chat_integration.TestFormatConfigForDisplay" name="test_format_dislikes" time="0.004" /><testcase classname="tests.services.test_chat_integration.TestFormatConfigForDisplay" name="test_format_preferences" time="0.005" /><testcase classname="tests.services.test_chat_integration.TestExecuteTool" name="test_execute_update_recipe_rule" time="0.006" /><testcase classname="tests.services.test_chat_integration.TestExecuteTool" name="test_execute_update_allergy" time="0.006" /><testcase classname="tests.services.test_chat_integration.TestExecuteTool" name="test_execute_update_dislike" time="0.006" /><testcase classname="tests.services.test_chat_integration.TestExecuteTool" name="test_execute_undo" time="0.006" /><testcase classname="tests.services.test_chat_integration.TestExecuteTool" name="test_execute_show_config" time="0.006" /><testcase classname="tests.services.test_chat_integration.TestExecuteTool" name="test_execute_unknown_tool" time="0.006" /><testcase classname="tests.services.test_chat_integration.TestExecuteTool" name="test_execute_tool_failure" time="0.006" /><testcase classname="tests.services.test_chat_integration.TestExecuteTool" name="test_execute_tool_exception" time="0.007" /><testcase classname="tests.services.test_chat_integration.TestChatCompletionResult" name="test_no_tool_calls" time="0.004" /><testcase classname="tests.services.test_chat_integration.TestChatCompletionResult" name="test_with_tool_calls" time="0.004" /><testcase classname="tests.services.test_chat_integration.TestProcessChatMessage" name="test_simple_chat_response" time="21.069" /><testcase classname="tests.services.test_chat_integration.TestProcessChatMessage" name="test_fallback_on_error" time="21.060" /><testcase classname="tests.services.test_chat_integration.TestToolCallPatterns" name="test_include_patterns" time="0.006" /><testcase classname="tests.services.test_chat_integration.TestToolCallPatterns" name="test_exclude_patterns" time="0.007" /><testcase classname="tests.services.test_chat_integration.TestToolCallPatterns" name="test_allergy_patterns" time="0.008" /><testcase classname="tests.services.test_chat_integration.TestToolCallPatterns" name="test_dislike_patterns" time="0.011" /><testcase classname="tests.services.test_chat_integration.TestToolCallPatterns" name="test_show_config_patterns" time="0.008" /><testcase classname="tests.services.test_chat_meal_context" name="test_chat_includes_today_meals_in_context" time="0.009" /><testcase classname="tests.services.test_chat_meal_context" name="test_chat_context_empty_when_no_plan" time="0.007" /><testcase classname="tests.services.test_chat_meal_context" name="test_chat_includes_user_dietary_summary" time="0.008" /><testcase classname="tests.services.test_cleanup_service" name="test_delete_old_chat_messages_removes_old" time="0.809" /><testcase classname="tests.services.test_cleanup_service" name="test_delete_old_chat_messages_keeps_recent" time="0.774" /><testcase classname="tests.services.test_cleanup_service" name="test_delete_old_chat_messages_empty_table" time="0.796" /><testcase classname="tests.services.test_cleanup_service" name="test_delete_inactive_meal_plans_removes_old_inactive" time="0.851" /><testcase classname="tests.services.test_cleanup_service" name="test_delete_inactive_meal_plans_keeps_active" time="0.831" /><testcase classname="tests.services.test_cleanup_service" name="test_run_all_cleanups" time="0.818" /><testcase classname="tests.services.test_family_aware_meal_generation.TestFamilyAwareMealGeneration" name="test_prompt_includes_family_member_names" time="0.008" /><testcase classname="tests.services.test_family_aware_meal_generation.TestFamilyAwareMealGeneration" name="test_prompt_includes_health_conditions" time="0.007" /><testcase classname="tests.services.test_family_aware_meal_generation.TestFamilyAwareMealGeneration" name="test_prompt_includes_per_member_dietary_restrictions" time="0.008" /><testcase classname="tests.services.test_family_aware_meal_generation.TestFamilyAwareMealGeneration" name="test_empty_family_members_no_family_section" time="0.008" /><testcase classname="tests.services.test_family_aware_meal_generation.TestFamilyAwareMealGeneration" name="test_senior_diabetic_constraints" time="0.008" /><testcase classname="tests.services.test_family_aware_meal_generation.TestFamilyAwareMealGeneration" name="test_child_no_spicy_constraints" time="0.008" /><testcase classname="tests.services.test_family_aware_meal_generation.TestFamilyAwareMealGeneration" name="test_multiple_family_members_all_included" time="0.010" /><testcase classname="tests.services.test_family_aware_meal_generation.TestFamilyAwareMealGeneration" name="test_family_member_without_health_conditions" time="0.008" /><testcase classname="tests.services.test_family_aware_meal_generation.TestFamilyAwareMealGeneration" name="test_family_members_field_defaults_to_empty_list" time="0.007" /><testcase classname="tests.services.test_family_aware_meal_generation.TestFamilyAwareMealGeneration" name="test_prompt_includes_filtered_rules_warning" time="0.008" /><testcase classname="tests.services.test_family_aware_meal_generation.TestFamilyAwareMealGeneration" name="test_jain_member_onion_rule_filtered_in_prompt" time="0.010" /><testcase classname="tests.services.test_family_aware_meal_generation.TestFamilyAwareMealGeneration" name="test_force_override_rule_not_filtered" time="0.011" /><testcase classname="tests.services.test_family_aware_meal_generation.TestMixedDietHousehold" name="test_mixed_diet_section_when_member_differs" time="0.009" /><testcase classname="tests.services.test_family_aware_meal_generation.TestMixedDietHousehold" name="test_no_mixed_section_when_all_same_diet" time="0.008" /><testcase classname="tests.services.test_family_aware_meal_generation.TestMixedDietHousehold" name="test_multiple_different_diets_listed" time="0.009" /><testcase classname="tests.services.test_fasting_validation.TestFastingDayValidation" name="test_fasting_day_removes_grain_recipes" time="0.010" /><testcase classname="tests.services.test_fasting_validation.TestFastingDayValidation" name="test_fasting_day_removes_onion_garlic_recipes" time="0.010" /><testcase classname="tests.services.test_fasting_validation.TestFastingDayValidation" name="test_non_fasting_day_keeps_all_recipes" time="0.008" /><testcase classname="tests.services.test_fasting_validation.TestFastingDayValidation" name="test_fasting_day_allows_special_foods" time="0.009" /><testcase classname="tests.services.test_fasting_validation.TestFastingDayValidation" name="test_multiple_fasting_days_validated" time="0.015" /><testcase classname="tests.services.test_fasting_validation.TestFastingDaySlotBackfill" name="test_empty_slot_gets_backfilled_to_minimum_2" time="0.013" /><testcase classname="tests.services.test_fasting_validation.TestFastingDaySlotBackfill" name="test_partially_depleted_slot_gets_backfilled" time="0.013" /><testcase classname="tests.services.test_fasting_validation.TestFastingDaySlotBackfill" name="test_backfilled_items_are_fasting_safe" time="0.011" /><testcase classname="tests.services.test_fasting_validation.TestFastingDaySlotBackfill" name="test_non_fasting_day_no_backfill" time="0.008" /><testcase classname="tests.services.test_festival_service.TestGetFestivalByDate" name="test_get_festival_by_date_found" time="0.752" /><testcase classname="tests.services.test_festival_service.TestGetFestivalByDate" name="test_get_festival_by_date_not_found" time="0.754" /><testcase classname="tests.services.test_festival_service.TestGetFestivalByDate" name="test_get_festival_by_date_ignores_inactive" time="0.749" /><testcase classname="tests.services.test_festival_service.TestGetFestivalsForDateRange" name="test_get_festivals_for_range_returns_dict" time="0.841" /><testcase classname="tests.services.test_festival_service.TestGetFestivalsForDateRange" name="test_get_festivals_for_range_empty" time="0.826" /><testcase classname="tests.services.test_festival_service.TestGetFestivalsForDateRange" name="test_get_festivals_for_range_filters_inactive" time="0.798" /><testcase classname="tests.services.test_health_condition_enforcement.TestDiabeticEnforcement" name="test_diabetic_items_removed_from_meal_plan" time="0.010" /><testcase classname="tests.services.test_health_condition_enforcement.TestLowSaltEnforcement" name="test_low_salt_items_removed" time="0.010" /><testcase classname="tests.services.test_health_condition_enforcement.TestNoSpicyEnforcement" name="test_no_spicy_items_removed" time="0.009" /><testcase classname="tests.services.test_health_condition_enforcement.TestLowOilEnforcement" name="test_low_oil_items_removed" time="0.010" /><testcase classname="tests.services.test_health_condition_enforcement.TestSattvicEnforcement" name="test_sattvic_items_removed" time="0.011" /><testcase classname="tests.services.test_health_condition_enforcement.TestJainEnforcement" name="test_jain_items_removed" time="0.009" /><testcase classname="tests.services.test_health_condition_enforcement.TestVeganEnforcement" name="test_vegan_items_removed" time="0.009" /><testcase classname="tests.services.test_health_condition_enforcement.TestHindiAliases" name="test_hindi_aliases_caught" time="0.009" /><testcase classname="tests.services.test_health_condition_enforcement.TestWordBoundary" name="test_word_boundary_no_false_positive" time="0.008" /><testcase classname="tests.services.test_health_condition_enforcement.TestMultipleConditions" name="test_multiple_conditions_combined" time="0.011" /><testcase classname="tests.services.test_health_condition_enforcement.TestSafeItemsPreserved" name="test_safe_items_preserved" time="0.009" /><testcase classname="tests.services.test_health_condition_enforcement.TestEmptyFamily" name="test_empty_family_no_filtering" time="0.007" /><testcase classname="tests.services.test_household_service" name="test_create_notification_basic" time="0.789" /><testcase classname="tests.services.test_household_service" name="test_create_notification_no_metadata" time="0.769" /><testcase classname="tests.services.test_household_service" name="test_notify_all_members" time="0.791" /><testcase classname="tests.services.test_household_service" name="test_notify_excludes_user" time="0.800" /><testcase classname="tests.services.test_household_service" name="test_notify_skips_metadata_only_members" time="0.811" /><testcase classname="tests.services.test_household_service" name="test_merged_constraints_multiple_members" time="0.841" /><testcase classname="tests.services.test_household_service" name="test_merged_constraints_with_household_rules" time="0.786" /><testcase classname="tests.services.test_items_per_meal.TestItemsPerMealPersistence" name="test_update_items_per_meal" time="0.808" /><testcase classname="tests.services.test_items_per_meal.TestItemsPerMealPersistence" name="test_items_per_meal_default_value" time="0.821" /><testcase classname="tests.services.test_items_per_meal.TestItemsPerMealPersistence" name="test_items_per_meal_in_response" time="0.894" /><testcase classname="tests.services.test_items_per_meal.TestItemsPerMealPersistence" name="test_items_per_meal_validation_range" time="0.868" /><testcase classname="tests.services.test_items_per_meal.TestItemsPerMealPersistence" name="test_items_per_meal_update_preserves_other_fields" time="0.941" /><testcase classname="tests.services.test_items_per_meal.TestMealGenerationSettings" name="test_strict_allergen_mode_persistence" time="0.840" /><testcase classname="tests.services.test_items_per_meal.TestMealGenerationSettings" name="test_allow_recipe_repeat_persistence" time="0.839" /><testcase classname="tests.services.test_items_per_meal.TestPreferencesResponseFreshness" name="test_put_response_contains_updated_items_per_meal" time="0.843" /><testcase classname="tests.services.test_items_per_meal.TestPreferencesResponseFreshness" name="test_put_response_contains_updated_allow_recipe_repeat" time="0.818" /><testcase classname="tests.services.test_items_per_meal.TestPreferencesResponseFreshness" name="test_put_response_multiple_fields_fresh" time="0.834" /><testcase classname="tests.services.test_items_per_meal.TestItemsPerMealPrompt" name="test_prompt_includes_items_per_meal" time="0.009" /><testcase classname="tests.services.test_items_per_meal.TestItemsPerMealPrompt" name="test_prompt_default_items_per_meal" time="0.010" /><testcase classname="tests.services.test_items_per_meal.TestItemsPerMealPrompt" name="test_dataclass_loads_items_per_meal" time="0.013" /><testcase classname="tests.services.test_meal_gen_completeness.TestMissingFieldsReachPrompt" name="test_dietary_type_in_prompt" time="0.009" /><testcase classname="tests.services.test_meal_gen_completeness.TestMissingFieldsReachPrompt" name="test_dietary_type_default_vegetarian" time="0.008" /><testcase classname="tests.services.test_meal_gen_completeness.TestMissingFieldsReachPrompt" name="test_cooking_skill_level_in_prompt" time="0.008" /><testcase classname="tests.services.test_meal_gen_completeness.TestMissingFieldsReachPrompt" name="test_allow_recipe_repeat_true" time="0.009" /><testcase classname="tests.services.test_meal_gen_completeness.TestMissingFieldsReachPrompt" name="test_allow_recipe_repeat_false" time="0.008" /><testcase classname="tests.services.test_meal_gen_completeness.TestMissingFieldsReachPrompt" name="test_strict_allergen_mode_in_prompt" time="0.008" /><testcase classname="tests.services.test_meal_gen_completeness.TestMissingFieldsReachPrompt" name="test_strict_dietary_mode_in_prompt" time="0.009" /><testcase classname="tests.services.test_meal_gen_completeness.TestMissingFieldsReachPrompt" name="test_nutrition_goals_present" time="0.008" /><testcase classname="tests.services.test_meal_gen_completeness.TestMissingFieldsReachPrompt" name="test_nutrition_goals_empty" time="0.009" /><testcase classname="tests.services.test_meal_gen_completeness.TestPrePromptConflictFilter" name="test_jain_member_filters_onion_rule" time="0.009" /><testcase classname="tests.services.test_meal_gen_completeness.TestPrePromptConflictFilter" name="test_diabetic_member_filters_sweet_rule" time="0.011" /><testcase classname="tests.services.test_meal_gen_completeness.TestPrePromptConflictFilter" name="test_no_conflict_preserves_all_rules" time="0.008" /><testcase classname="tests.services.test_meal_gen_completeness.TestPrePromptConflictFilter" name="test_empty_family_preserves_all_rules" time="0.008" /><testcase classname="tests.services.test_meal_gen_completeness.TestPrePromptConflictFilter" name="test_multiple_conflicts_filter_multiple_rules" time="0.010" /><testcase classname="tests.services.test_meal_gen_completeness.TestPrePromptConflictFilter" name="test_report_structure" time="0.010" /><testcase classname="tests.services.test_meal_gen_completeness.TestPrePromptConflictFilter" name="test_partial_match_garlic_naan_for_jain" time="0.008" /><testcase classname="tests.services.test_meal_gen_completeness.TestFamilySafetyPostProcessing" name="test_jain_onion_dish_removed" time="0.009" /><testcase classname="tests.services.test_meal_gen_completeness.TestFamilySafetyPostProcessing" name="test_jain_garlic_dish_removed" time="0.010" /><testcase classname="tests.services.test_meal_gen_completeness.TestFamilySafetyPostProcessing" name="test_diabetic_sweet_removed" time="0.017" /><testcase classname="tests.services.test_meal_gen_completeness.TestFamilySafetyPostProcessing" name="test_low_salt_pickle_removed" time="0.011" /><testcase classname="tests.services.test_meal_gen_completeness.TestFamilySafetyPostProcessing" name="test_no_spicy_chili_removed" time="0.010" /><testcase classname="tests.services.test_meal_gen_completeness.TestFamilySafetyPostProcessing" name="test_safe_dishes_preserved" time="0.009" /><testcase classname="tests.services.test_meal_gen_completeness.TestFamilySafetyPostProcessing" name="test_ingredient_level_check" time="0.010" /><testcase classname="tests.services.test_meal_gen_completeness.TestFamilySafetyPostProcessing" name="test_no_members_no_removal" time="0.009" /><testcase classname="tests.services.test_meal_gen_completeness.TestLoadPreferencesCompleteness" name="test_defaults_for_new_fields" time="0.009" /><testcase classname="tests.services.test_meal_gen_completeness.TestLoadPreferencesCompleteness" name="test_custom_values_preserved" time="0.007" /><testcase classname="tests.services.test_meal_gen_completeness.TestLoadPreferencesCompleteness" name="test_conflict_report_in_prompt" time="0.009" /><testcase classname="tests.services.test_meal_gen_completeness.Test
[...]
ke_success" time="0.010" /><testcase classname="tests.services.test_preference_service.TestUpdateDislike" name="test_add_duplicate_dislike_fails" time="0.009" /><testcase classname="tests.services.test_preference_service.TestUpdateDislike" name="test_case_insensitive_dislike_check" time="0.013" /><testcase classname="tests.services.test_preference_service.TestUpdatePreference" name="test_set_cooking_time_weekday" time="0.010" /><testcase classname="tests.services.test_preference_service.TestUpdatePreference" name="test_set_cooking_time_weekend" time="0.013" /><testcase classname="tests.services.test_preference_service.TestUpdatePreference" name="test_add_dietary_tag" time="0.011" /><testcase classname="tests.services.test_preference_service.TestUpdatePreference" name="test_add_busy_day" time="0.011" /><testcase classname="tests.services.test_preference_service.TestUpdatePreference" name="test_invalid_cooking_time_format" time="0.010" /><testcase classname="tests.services.test_preference_service.TestUndoLastChange" name="test_undo_with_no_history" time="0.010" /><testcase classname="tests.services.test_preference_service.TestUndoLastChange" name="test_undo_recipe_rule_change" time="0.011" /><testcase classname="tests.services.test_preference_service.TestShowConfig" name="test_show_all_config" time="0.009" /><testcase classname="tests.services.test_preference_service.TestShowConfig" name="test_show_rules_only" time="0.009" /><testcase classname="tests.services.test_preference_service.TestShowConfig" name="test_show_empty_config" time="0.009" /><testcase classname="tests.services.test_preference_versioning" name="test_preferences_update_sets_timestamp" time="0.868" /><testcase classname="tests.services.test_preference_versioning" name="test_preferences_update_with_stale_timestamp_rejected" time="0.872" /><testcase classname="tests.services.test_preference_versioning" name="test_preferences_update_without_timestamp_accepted" time="0.888" /><testcase classname="tests.services.test_production_config.TestConfigDefaults" name="test_jwt_secret_required" time="0.020" /><testcase classname="tests.services.test_production_config.TestConfigDefaults" name="test_debug_defaults_to_false" time="0.008" /><testcase classname="tests.services.test_production_config.TestConfigDefaults" name="test_sql_echo_defaults_to_false" time="0.008" /><testcase classname="tests.services.test_production_config.TestConfigDefaults" name="test_cors_origins_default_to_empty" time="0.008" /><testcase classname="tests.services.test_production_config.TestConfigDefaults" name="test_debug_mode_must_be_opted_in" time="0.010" /><testcase classname="tests.services.test_production_config.TestSentryConfig" name="test_sentry_pii_disabled_in_main" time="0.010" /><testcase classname="tests.services.test_production_config.TestSentryConfig" name="test_sentry_traces_sample_rate" time="0.009" /><testcase classname="tests.services.test_production_config.TestCorsConfig" name="test_cors_conditional_in_main" time="0.008" /><testcase classname="tests.services.test_production_config.TestCorsConfig" name="test_cors_methods_restricted" time="0.008" /><testcase classname="tests.services.test_production_config.TestCorsConfig" name="test_cors_headers_restricted" time="0.009" /><testcase classname="tests.services.test_recipe_cache.TestRecipeCacheSingleton" name="test_singleton_returns_same_instance" time="0.007" /><testcase classname="tests.services.test_recipe_cache.TestRecipeCacheSingleton" name="test_get_recipe_cache_returns_singleton" time="0.007" /><testcase classname="tests.services.test_recipe_cache.TestIndividualRecipeCaching" name="test_set_and_get_recipe" time="0.009" /><testcase classname="tests.services.test_recipe_cache.TestIndividualRecipeCaching" name="test_get_nonexistent_recipe_returns_none" time="0.009" /><testcase classname="tests.services.test_recipe_cache.TestIndividualRecipeCaching" name="test_has_recipe_returns_true_when_cached" time="0.009" /><testcase classname="tests.services.test_recipe_cache.TestIndividualRecipeCaching" name="test_has_recipe_returns_false_when_not_cached" time="0.008" /><testcase classname="tests.services.test_recipe_cache.TestIndividualRecipeCaching" name="test_set_recipe_with_empty_id_does_not_cache" time="0.034" /><testcase classname="tests.services.test_recipe_cache.TestIndividualRecipeCaching" name="test_set_recipe_with_none_recipe_does_not_cache" time="0.007" /><testcase classname="tests.services.test_recipe_cache.TestBatchOperations" name="test_set_recipes_batch" time="0.008" /><testcase classname="tests.services.test_recipe_cache.TestBatchOperations" name="test_get_recipes_batch_all_cached" time="0.011" /><testcase classname="tests.services.test_recipe_cache.TestBatchOperations" name="test_get_recipes_batch_none_cached" time="0.008" /><testcase classname="tests.services.test_recipe_cache.TestBatchOperations" name="test_get_recipes_batch_partial_cache" time="0.010" /><testcase classname="tests.services.test_recipe_cache.TestBatchOperations" name="test_get_recipes_batch_empty_list" time="0.008" /><testcase classname="tests.services.test_recipe_cache.TestSearchResultCaching" name="test_set_and_get_search_results" time="0.035" /><testcase classname="tests.services.test_recipe_cache.TestSearchResultCaching" name="test_search_cache_ignores_exclude_ids" time="0.013" /><testcase classname="tests.services.test_recipe_cache.TestSearchResultCaching" name="test_search_cache_different_params_different_keys" time="0.008" /><testcase classname="tests.services.test_recipe_cache.TestSearchResultCaching" name="test_search_results_cache_individual_recipes" time="0.008" /><testcase classname="tests.services.test_recipe_cache.TestSearchResultCaching" name="test_has_search_results" time="0.011" /><testcase classname="tests.services.test_recipe_cache.TestCacheStatistics" name="test_initial_stats_are_zero" time="0.009" /><testcase classname="tests.services.test_recipe_cache.TestCacheStatistics" name="test_recipe_cache_tracks_hits" time="0.011" /><testcase classname="tests.services.test_recipe_cache.TestCacheStatistics" name="test_recipe_cache_tracks_misses" time="0.008" /><testcase classname="tests.services.test_recipe_cache.TestCacheStatistics" name="test_search_cache_tracks_hits" time="0.008" /><testcase classname="tests.services.test_recipe_cache.TestCacheStatistics" name="test_search_cache_tracks_misses" time="0.028" /><testcase classname="tests.services.test_recipe_cache.TestCacheStatistics" name="test_batch_tracks_hits_and_misses" time="0.010" /><testcase classname="tests.services.test_recipe_cache.TestCacheStatistics" name="test_hit_rate_calculation" time="0.008" /><testcase classname="tests.services.test_recipe_cache.TestCacheStatistics" name="test_hit_rate_with_no_requests" time="0.008" /><testcase classname="tests.services.test_recipe_cache.TestCacheManagement" name="test_clear_removes_all_data" time="0.009" /><testcase classname="tests.services.test_recipe_cache.TestCacheManagement" name="test_clear_resets_stats" time="0.009" /><testcase classname="tests.services.test_recipe_cache.TestCacheManagement" name="test_get_size_returns_correct_counts" time="0.009" /><testcase classname="tests.services.test_recipe_cache.TestCacheStatsDataclass" name="test_cache_stats_properties" time="0.007" /><testcase classname="tests.services.test_recipe_cache.TestCacheStatsDataclass" name="test_cache_stats_zero_division" time="0.007" /><testcase classname="tests.services.test_recipe_cache.TestCacheConfiguration" name="test_recipe_cache_size_is_reasonable" time="0.007" /><testcase classname="tests.services.test_recipe_cache.TestCacheConfiguration" name="test_recipe_cache_ttl_is_reasonable" time="0.007" /><testcase classname="tests.services.test_recipe_cache.TestCacheConfiguration" name="test_search_cache_size_is_reasonable" time="0.008" /><testcase classname="tests.services.test_recipe_cache.TestCacheConfiguration" name="test_search_cache_ttl_is_reasonable" time="0.007" /><testcase classname="tests.services.test_recipe_enrichment" name="test_enrich_generates_real_instructions" time="0.833" /><testcase classname="tests.services.test_recipe_enrichment" name="test_enrich_skips_already_enriched_recipes" time="0.789" /><testcase classname="tests.services.test_recipe_enrichment" name="test_enrich_handles_gemini_failure_gracefully" time="0.806" /><testcase classname="tests.services.test_recipe_rule_family_conflict.TestRecipeRuleFamilyConflict" name="test_include_sweet_blocked_for_diabetic[asyncio]" time="0.773" /><testcase classname="tests.services.test_recipe_rule_family_conflict.TestRecipeRuleFamilyConflict" name="test_include_onion_blocked_for_jain[asyncio]" time="0.802" /><testcase classname="tests.services.test_recipe_rule_family_conflict.TestRecipeRuleFamilyConflict" name="test_include_aloo_blocked_for_jain[asyncio]" time="0.830" /><testcase classname="tests.services.test_recipe_rule_family_conflict.TestRecipeRuleFamilyConflict" name="test_exclude_rule_no_conflict_check[asyncio]" time="0.771" /><testcase classname="tests.services.test_recipe_rule_family_conflict.TestRecipeRuleFamilyConflict" name="test_no_family_members_no_conflict[asyncio]" time="0.770" /><testcase classname="tests.services.test_recipe_rule_family_conflict.TestRecipeRuleFamilyConflict" name="test_force_override_creates_rule[asyncio]" time="0.777" /><testcase classname="tests.services.test_recipe_rule_family_conflict.TestRecipeRuleFamilyConflict" name="test_conflict_response_structured_details[asyncio]" time="0.811" /><testcase classname="tests.services.test_recipe_rule_family_conflict.TestRecipeRuleFamilyConflict" name="test_force_override_persisted[asyncio]" time="0.819" /><testcase classname="tests.services.test_recipe_rule_family_conflict.TestRecipeRuleFamilyConflict" name="test_force_override_survives_sync[asyncio]" time="0.870" /><testcase classname="tests.services.test_recipe_rule_family_conflict.TestRecipeRuleFamilyConflict" name="test_include_sweet_blocked_for_diabetic[trio]" time="0.812" /><testcase classname="tests.services.test_recipe_rule_family_conflict.TestRecipeRuleFamilyConflict" name="test_include_onion_blocked_for_jain[trio]" time="0.786" /><testcase classname="tests.services.test_recipe_rule_family_conflict.TestRecipeRuleFamilyConflict" name="test_include_aloo_blocked_for_jain[trio]" time="0.767" /><testcase classname="tests.services.test_recipe_rule_family_conflict.TestRecipeRuleFamilyConflict" name="test_exclude_rule_no_conflict_check[trio]" time="0.811" /><testcase classname="tests.services.test_recipe_rule_family_conflict.TestRecipeRuleFamilyConflict" name="test_no_family_members_no_conflict[trio]" time="0.796" /><testcase classname="tests.services.test_recipe_rule_family_conflict.TestRecipeRuleFamilyConflict" name="test_force_override_creates_rule[trio]" time="0.790" /><testcase classname="tests.services.test_recipe_rule_family_conflict.TestRecipeRuleFamilyConflict" name="test_conflict_response_structured_details[trio]" time="0.761" /><testcase classname="tests.services.test_recipe_rule_family_conflict.TestRecipeRuleFamilyConflict" name="test_force_override_persisted[trio]" time="0.798" /><testcase classname="tests.services.test_recipe_rule_family_conflict.TestRecipeRuleFamilyConflict" name="test_force_override_survives_sync[trio]" time="0.878" /><testcase classname="tests.services.test_stats_log_cooking.TestLogCookingCreatesStreak" name="test_log_cooking_creates_cooking_day" time="0.835" /><testcase classname="tests.services.test_stats_log_cooking.TestLogCookingMealTypes" name="test_log_cooking_marks_meal_type" time="0.836" /><testcase classname="tests.services.test_stats_log_cooking.TestLogCookingMealTypes" name="test_log_cooking_no_double_count" time="0.826" /><testcase classname="tests.services.test_stats_log_cooking.TestLogCookingStreakLogic" name="test_log_cooking_consecutive_day_increments_streak" time="0.864" /><testcase classname="tests.services.test_stats_log_cooking.TestLogCookingStreakLogic" name="test_log_cooking_gap_resets_streak" time="1.359" /><testcase classname="tests.services.test_stats_log_cooking.TestLogCookingStreakLogic" name="test_log_cooking_same_day_no_streak_change" time="0.843" /><testcase classname="tests.services.test_stats_log_cooking.TestLogCookingStreakLogic" name="test_log_cooking_updates_longest_streak" time="0.887" /><testcase classname="tests.services.test_stats_log_cooking.TestLogCookingStreakLogic" name="test_log_cooking_custom_date" time="0.812" /><testcase classname="tests.services.test_token_rotation.TestRefreshTokenRotation" name="test_hash_token_deterministic" time="0.007" /><testcase classname="tests.services.test_token_rotation.TestRefreshTokenRotation" name="test_hash_token_different_inputs" time="0.010" /><testcase classname="tests.services.test_token_rotation.TestRefreshTokenRotation" name="test_refresh_token_stored_on_auth" time="0.756" /><testcase classname="tests.services.test_token_rotation.TestRefreshTokenRotation" name="test_revoke_token" time="0.805" /><testcase classname="tests.services.test_token_rotation.TestLogout" name="test_logout_revokes_all_tokens_directly" time="0.781" /><testcase classname="tests.services.test_token_rotation.TestLogout" name="test_logout_endpoint" time="0.749" /><testcase classname="tests.services.test_token_rotation.TestTokenExpiry" name="test_expired_token_not_usable" time="0.748" /><testcase classname="tests.services.test_token_rotation.TestTokenExpiry" name="test_token_30_day_expiry" time="0.007" /><testcase classname="tests.services.test_token_rotation.TestRefreshTokenSchema" name="test_refresh_response_has_refresh_token_field" time="0.007" /><testcase classname="tests.services.test_usage_limits.TestUsageLimitService" name="test_record_usage" time="0.794" /><testcase classname="tests.services.test_usage_limits.TestUsageLimitService" name="test_check_under_limit" time="0.795" /><testcase classname="tests.services.test_usage_limits.TestUsageLimitService" name="test_check_at_limit_raises" time="0.806" /><testcase classname="tests.services.test_usage_limits.TestUsageLimitService" name="test_different_actions_separate_limits" time="0.804" /><testcase classname="tests.services.test_usage_limits.TestUsageLimitService" name="test_old_usage_not_counted" time="0.770" /><testcase classname="tests.services.test_usage_limits.TestUsageLimitService" name="test_different_users_separate_limits" time="0.807" /><testcase classname="tests.services.test_usage_limits.TestUsageLimitService" name="test_unknown_action_no_limit" time="0.760" /><testcase classname="tests.services.test_usage_limits.TestUsageLimitService" name="test_chat_limit_higher_than_meal_gen" time="0.802" /><testcase classname="tests.services.test_user_deletion.TestUserDeletionService" name="test_soft_delete_sets_inactive" time="0.878" /><testcase classname="tests.services.test_user_deletion.TestUserDeletionService" name="test_soft_delete_nonexistent_user" time="0.784" /><testcase classname="tests.services.test_user_deletion.TestUserDeletionService" name="test_export_user_data_basic" time="0.828" /><testcase classname="tests.services.test_user_deletion.TestUserDeletionService" name="test_export_includes_preferences" time="0.841" /><testcase classname="tests.services.test_user_deletion.TestUserDeletionService" name="test_export_includes_family_members" time="0.850" /><testcase classname="tests.services.test_user_deletion.TestUserDeletionService" name="test_export_includes_recipe_rules" time="0.858" /><testcase classname="tests.services.test_user_deletion.TestUserDeletionService" name="test_export_nonexistent_user" time="0.765" /><testcase classname="tests.services.test_user_deletion.TestUserDeletionAPI" name="test_delete_me_endpoint" time="0.803" /><testcase classname="tests.services.test_user_deletion.TestUserDeletionAPI" name="test_export_me_endpoint" time="0.840" /><testcase classname="tests.services.test_user_deletion.TestUserDeletionAPI" name="test_export_includes_all_sections" time="0.845" /><testcase classname="tests.services.test_user_service.TestBuildUserResponse" name="test_build_response_with_preferences" time="0.008" /><testcase classname="tests.services.test_user_service.TestBuildUserResponse" name="test_build_response_without_preferences" time="0.008" /><testcase classname="tests.services.test_user_service.TestBuildUserResponse" name="test_build_response_maps_fields" time="0.010" /><testcase classname="tests.services.test_user_service.TestBuildUserResponse" name="test_build_response_none_optional_fields" time="0.009" /><testcase classname="tests.test_firebase_debug_tokens" name="test_plain_fake_token_returns_default_uid" time="0.011" /><testcase classname="tests.test_firebase_debug_tokens" name="test_suffixed_fake_token_returns_unique_uid" time="0.010" /><testcase classname="tests.test_firebase_debug_tokens" name="test_different_suffixes_return_different_uids" time="0.012" /><testcase classname="tests.test_gemini_schema" name="test_generate_text_passes_schema_to_config" time="0.014" /><testcase classname="tests.test_gemini_schema" name="test_generate_text_without_schema_works" time="0.011" /><testcase classname="tests.test_gemini_schema" name="test_generate_text_passes_json_schema_to_config" time="0.011" /><testcase classname="tests.test_gemini_schema" name="test_generate_text_with_metadata_passes_json_schema" time="0.012" /><testcase classname="tests.test_generation_tracker.TestMealGenerationContext" name="test_initialization" time="0.009" /><testcase classname="tests.test_generation_tracker.TestMealGenerationContext" name="test_timing_properties" time="0.008" /><testcase classname="tests.test_generation_tracker.TestMealGenerationContext" name="test_timing_none_when_not_set" time="0.008" /><testcase classname="tests.test_generation_tracker.TestEmitStructuredLog" name="test_emit_log_format" time="0.012" /><testcase classname="tests.test_generation_tracker.TestEmitStructuredLog" name="test_emit_handles_no_token_usage" time="0.010" /><testcase classname="tests.test_generation_tracker.TestEmitStructuredLog" name="test_emit_writes_json_file" time="0.052" /><testcase classname="tests.test_generation_tracker.TestEmitStructuredLog" name="test_emit_creates_separate_files" time="0.112" /><testcase classname="tests.test_generation_tracker.TestEmitStructuredLog" name="test_emit_failed_generation" time="0.050" /><testcase classname="tests.test_generation_tracker.TestEmitStructuredLog" name="test_emit_unparseable_response_stores_text" time="0.051" /><testcase classname="tests.test_generation_tracker.TestFullPipelineTracking" name="test_generate_with_context_tracks_everything" time="0.020" /><testcase classname="tests.test_household_model" name="test_create_household" time="0.788" /><testcase classname="tests.test_household_model" name="test_create_household_member" time="0.799" /><testcase classname="tests.test_household_model" name="test_household_member_nullable_user" time="0.853" /><testcase classname="tests.test_household_model" name="test_household_member_guest_fields" time="0.777" /><testcase classname="tests.test_household_model" name="test_household_cascade_delete" time="0.759" /><testcase classname="tests.test_household_model" name="test_household_member_portion_size" time="0.765" /><testcase classname="tests.test_household_model" name="test_household_member_active_meal_slots" time="0.747" /><testcase classname="tests.test_household_model" name="test_recipe_rule_household_scope" time="0.764" /><testcase classname="tests.test_household_model" name="test_recipe_rule_default_scope_personal" time="0.762" /><testcase classname="tests.test_household_model" name="test_meal_plan_household_scope" time="0.768" /><testcase classname="tests.test_household_model" name="test_meal_plan_item_scope_and_status" time="0.782" /><testcase classname="tests.test_household_model" name="test_notification_household_scope" time="0.745" /><testcase classname="tests.test_household_model" name="test_user_household_columns" time="0.682" /></testsuite></testsuites>